This file contains any messages produced by compilers while
running configure, to aid debugging if configure makes a mistake.

It was created by memcached configure 1.6.17, which was
generated by GNU Autoconf 2.71.  Invocation command line was

  $ ./configure

## --------- ##
## Platform. ##
## --------- ##

hostname = archlinux
uname -m = x86_64
uname -r = 6.19.14-arch1-1
uname -s = Linux
uname -v = #1 SMP PREEMPT_DYNAMIC Thu, 23 Apr 2026 06:57:02 +0000

/usr/bin/uname -p = unknown
/bin/uname -X     = unknown

/bin/arch              = unknown
/usr/bin/arch -k       = unknown
/usr/convex/getsysinfo = unknown
/usr/bin/hostinfo      = unknown
/bin/machine           = unknown
/usr/bin/oslevel       = unknown
/bin/universe          = unknown

PATH: /home/dawood/.npm-global/bin/
PATH: /home/dawood/.local/bin/
PATH: /home/dawood/.opencode/bin/
PATH: /usr/local/sbin/
PATH: /usr/local/bin/
PATH: /usr/sbin/
PATH: /usr/bin/
PATH: /sbin/
PATH: /bin/
PATH: /usr/bin/site_perl/
PATH: /usr/bin/vendor_perl/
PATH: /usr/bin/core_perl/
PATH: /home/dawood/.local/flutter/bin/


## ----------- ##
## Core tests. ##
## ----------- ##

configure:2777: looking for aux files: compile missing install-sh config.guess config.sub
configure:2790:  trying ./
configure:2819:   ./compile found
configure:2819:   ./missing found
configure:2801:   ./install-sh found
configure:2819:   ./config.guess found
configure:2819:   ./config.sub found
configure:2937: checking build system type
configure:2952: result: x86_64-pc-linux-gnu
configure:2972: checking host system type
configure:2986: result: x86_64-pc-linux-gnu
configure:3024: checking for a BSD-compatible install
configure:3097: result: /usr/bin/install -c
configure:3108: checking whether build environment is sane
configure:3163: result: yes
configure:3322: checking for a race-free mkdir -p
configure:3366: result: /usr/sbin/mkdir -p
configure:3373: checking for gawk
configure:3394: found /usr/sbin/gawk
configure:3405: result: gawk
configure:3416: checking whether make sets $(MAKE)
configure:3439: result: yes
configure:3469: checking whether make supports nested variables
configure:3487: result: yes
configure:3688: checking for gcc
configure:3709: found /usr/sbin/gcc
configure:3720: result: gcc
configure:4073: checking for C compiler version
configure:4082: gcc --version >&5
gcc (GCC) 15.2.1 20260209
Copyright (C) 2025 Free Software Foundation, Inc.
This is free software; see the source for copying conditions.  There is NO
warranty; not even for MERCHANTABILITY or FITNESS FOR A PARTICULAR PURPOSE.

configure:4093: $? = 0
configure:4082: gcc -v >&5
Using built-in specs.
COLLECT_GCC=gcc
COLLECT_LTO_WRAPPER=/usr/lib/gcc/x86_64-pc-linux-gnu/15.2.1/lto-wrapper
Target: x86_64-pc-linux-gnu
Configured with: /build/gcc/src/gcc/configure --enable-languages=ada,c,c++,d,fortran,go,lto,m2,objc,obj-c++,rust,cobol --enable-bootstrap --prefix=/usr --libdir=/usr/lib --libexecdir=/usr/lib --mandir=/usr/share/man --infodir=/usr/share/info --with-bugurl=https://gitlab.archlinux.org/archlinux/packaging/packages/gcc/-/issues --with-build-config=bootstrap-lto --with-linker-hash-style=gnu --with-system-zlib --enable-__cxa_atexit --enable-cet=auto --enable-checking=release --enable-clocale=gnu --enable-default-pie --enable-default-ssp --enable-gnu-indirect-function --enable-gnu-unique-object --enable-libstdcxx-backtrace --enable-link-serialization=1 --enable-linker-build-id --enable-lto --enable-multilib --enable-plugin --enable-shared --enable-threads=posix --disable-libssp --disable-libstdcxx-pch --disable-werror
Thread model: posix
Supported LTO compression algorithms: zlib zstd
gcc version 15.2.1 20260209 (GCC) 
configure:4093: $? = 0
configure:4082: gcc -V >&5
gcc: error: unrecognized command-line option '-V'
gcc: fatal error: no input files
compilation terminated.
configure:4093: $? = 1
configure:4082: gcc -qversion >&5
gcc: error: unrecognized command-line option '-qversion'; did you mean '--version'?
gcc: fatal error: no input files
compilation terminated.
configure:4093: $? = 1
configure:4082: gcc -version >&5
gcc: error: unrecognized command-line option '-version'
gcc: fatal error: no input files
compilation terminated.
configure:4093: $? = 1
configure:4113: checking whether the C compiler works
configure:4135: gcc    conftest.c  >&5
configure:4139: $? = 0
configure:4189: result: yes
configure:4192: checking for C compiler default output file name
configure:4194: result: a.out
configure:4200: checking for suffix of executables
configure:4207: gcc -o conftest    conftest.c  >&5
configure:4211: $? = 0
configure:4234: result: 
configure:4256: checking whether we are cross compiling
configure:4264: gcc -o conftest    conftest.c  >&5
configure:4268: $? = 0
configure:4275: ./conftest
configure:4279: $? = 0
configure:4294: result: no
configure:4299: checking for suffix of object files
configure:4322: gcc -c   conftest.c >&5
configure:4326: $? = 0
configure:4348: result: o
configure:4352: checking whether the compiler supports GNU C
configure:4372: gcc -c   conftest.c >&5
configure:4372: $? = 0
configure:4382: result: yes
configure:4393: checking whether gcc accepts -g
configure:4414: gcc -c -g  conftest.c >&5
configure:4414: $? = 0
configure:4458: result: yes
configure:4478: checking for gcc option to enable C11 features
configure:4493: gcc  -c -g -O2  conftest.c >&5
conftest.c: In function 'e':
conftest.c:25:14: warning: old-style function definition [-Wold-style-definition]
   25 | static char *e (p, i)
      |              ^
configure:4493: $? = 0
configure:4511: result: none needed
configure:4627: checking whether gcc understands -c and -o together
configure:4650: gcc -c conftest.c -o conftest2.o
configure:4653: $? = 0
configure:4650: gcc -c conftest.c -o conftest2.o
configure:4653: $? = 0
configure:4665: result: yes
configure:4685: checking whether make supports the include directive
configure:4700: make -f confmf.GNU && cat confinc.out
this is the am__doit target
configure:4703: $? = 0
configure:4722: result: yes (GNU style)
configure:4748: checking dependency style of gcc
configure:4860: result: gcc3
configure:4901: checking how to run the C preprocessor
configure:4927: gcc -E  conftest.c
configure:4927: $? = 0
configure:4942: gcc -E  conftest.c
conftest.c:11:10: fatal error: ac_nonexistent.h: No such file or directory
   11 | #include <ac_nonexistent.h>
      |          ^~~~~~~~~~~~~~~~~~
compilation terminated.
configure:4942: $? = 1
configure: failed program was:
| /* confdefs.h */
| #define PACKAGE_NAME "memcached"
| #define PACKAGE_TARNAME "memcached"
| #define PACKAGE_VERSION "1.6.17"
| #define PACKAGE_STRING "memcached 1.6.17"
| #define PACKAGE_BUGREPORT "memcached@googlegroups.com"
| #define PACKAGE_URL ""
| #define PACKAGE "memcached"
| #define VERSION "1.6.17"
| /* end confdefs.h.  */
| #include <ac_nonexistent.h>
configure:4969: result: gcc -E
configure:4983: gcc -E  conftest.c
configure:4983: $? = 0
configure:4998: gcc -E  conftest.c
conftest.c:11:10: fatal error: ac_nonexistent.h: No such file or directory
   11 | #include <ac_nonexistent.h>
      |          ^~~~~~~~~~~~~~~~~~
compilation terminated.
configure:4998: $? = 1
configure: failed program was:
| /* confdefs.h */
| #define PACKAGE_NAME "memcached"
| #define PACKAGE_TARNAME "memcached"
| #define PACKAGE_VERSION "1.6.17"
| #define PACKAGE_STRING "memcached 1.6.17"
| #define PACKAGE_BUGREPORT "memcached@googlegroups.com"
| #define PACKAGE_URL ""
| #define PACKAGE "memcached"
| #define VERSION "1.6.17"
| /* end confdefs.h.  */
| #include <ac_nonexistent.h>
configure:5029: checking for grep that handles long lines and -e
configure:5093: result: /usr/sbin/grep
configure:5098: checking for egrep
configure:5166: result: /usr/sbin/grep -E
configure:5173: checking for icc in use
configure:5183: result: no
configure:5203: checking for clang in use
configure:5220: gcc -c -g -O2  conftest.c >&5
conftest.c: In function 'main':
conftest.c:17:12: error: unknown type name 'not'
   17 |            not clang
      |            ^~~
configure:5220: $? = 1
configure: failed program was:
| /* confdefs.h */
| #define PACKAGE_NAME "memcached"
| #define PACKAGE_TARNAME "memcached"
| #define PACKAGE_VERSION "1.6.17"
| #define PACKAGE_STRING "memcached 1.6.17"
| #define PACKAGE_BUGREPORT "memcached@googlegroups.com"
| #define PACKAGE_URL ""
| #define PACKAGE "memcached"
| #define VERSION "1.6.17"
| /* end confdefs.h.  */
| 
| int
| main (void)
| {
| 
|     #ifndef __clang__
|            not clang
|     #endif
| 
|   ;
|   return 0;
| }
configure:5227: result: no
configure:5237: checking for gcc options needed to detect all undeclared functions
configure:5259: gcc -c -g -O2   conftest.c >&5
conftest.c: In function 'main':
conftest.c:15:8: error: 'strchr' undeclared (first use in this function)
   15 | (void) strchr;
      |        ^~~~~~
conftest.c:1:1: note: 'strchr' is defined in header '<string.h>'; this is probably fixable by adding '#include <string.h>'
    1 | /* confdefs.h */
conftest.c:15:8: note: each undeclared identifier is reported only once for each function it appears in
   15 | (void) strchr;
      |        ^~~~~~
configure:5259: $? = 1
configure: failed program was:
| /* confdefs.h */
| #define PACKAGE_NAME "memcached"
| #define PACKAGE_TARNAME "memcached"
| #define PACKAGE_VERSION "1.6.17"
| #define PACKAGE_STRING "memcached 1.6.17"
| #define PACKAGE_BUGREPORT "memcached@googlegroups.com"
| #define PACKAGE_URL ""
| #define PACKAGE "memcached"
| #define VERSION "1.6.17"
| /* end confdefs.h.  */
| 
| int
| main (void)
| {
| (void) strchr;
|   ;
|   return 0;
| }
configure:5286: gcc -c -g -O2   conftest.c >&5
configure:5286: $? = 0
configure:5303: result: none needed
configure:5321: checking for stdio.h
configure:5321: gcc -c -g -O2  conftest.c >&5
configure:5321: $? = 0
configure:5321: result: yes
configure:5321: checking for stdlib.h
configure:5321: gcc -c -g -O2  conftest.c >&5
configure:5321: $? = 0
configure:5321: result: yes
configure:5321: checking for string.h
configure:5321: gcc -c -g -O2  conftest.c >&5
configure:5321: $? = 0
configure:5321: result: yes
configure:5321: checking for inttypes.h
configure:5321: gcc -c -g -O2  conftest.c >&5
configure:5321: $? = 0
configure:5321: result: yes
configure:5321: checking for stdint.h
configure:5321: gcc -c -g -O2  conftest.c >&5
configure:5321: $? = 0
configure:5321: result: yes
configure:5321: checking for strings.h
configure:5321: gcc -c -g -O2  conftest.c >&5
configure:5321: $? = 0
configure:5321: result: yes
configure:5321: checking for sys/stat.h
configure:5321: gcc -c -g -O2  conftest.c >&5
configure:5321: $? = 0
configure:5321: result: yes
configure:5321: checking for sys/types.h
configure:5321: gcc -c -g -O2  conftest.c >&5
configure:5321: $? = 0
configure:5321: result: yes
configure:5321: checking for unistd.h
configure:5321: gcc -c -g -O2  conftest.c >&5
configure:5321: $? = 0
configure:5321: result: yes
configure:5347: checking whether __SUNPRO_C is declared
configure:5347: gcc -c -g -O2   conftest.c >&5
conftest.c: In function 'main':
conftest.c:56:10: error: '__SUNPRO_C' undeclared (first use in this function)
   56 |   (void) __SUNPRO_C;
      |          ^~~~~~~~~~
conftest.c:56:10: note: each undeclared identifier is reported only once for each function it appears in
configure:5347: $? = 1
configure: failed program was:
| /* confdefs.h */
| #define PACKAGE_NAME "memcached"
| #define PACKAGE_TARNAME "memcached"
| #define PACKAGE_VERSION "1.6.17"
| #define PACKAGE_STRING "memcached 1.6.17"
| #define PACKAGE_BUGREPORT "memcached@googlegroups.com"
| #define PACKAGE_URL ""
| #define PACKAGE "memcached"
| #define VERSION "1.6.17"
| #define HAVE_STDIO_H 1
| #define HAVE_STDLIB_H 1
| #define HAVE_STRING_H 1
| #define HAVE_INTTYPES_H 1
| #define HAVE_STDINT_H 1
| #define HAVE_STRINGS_H 1
| #define HAVE_SYS_STAT_H 1
| #define HAVE_SYS_TYPES_H 1
| #define HAVE_UNISTD_H 1
| #define STDC_HEADERS 1
| /* end confdefs.h.  */
| #include <stddef.h>
| #ifdef HAVE_STDIO_H
| # include <stdio.h>
| #endif
| #ifdef HAVE_STDLIB_H
| # include <stdlib.h>
| #endif
| #ifdef HAVE_STRING_H
| # include <string.h>
| #endif
| #ifdef HAVE_INTTYPES_H
| # include <inttypes.h>
| #endif
| #ifdef HAVE_STDINT_H
| # include <stdint.h>
| #endif
| #ifdef HAVE_STRINGS_H
| # include <strings.h>
| #endif
| #ifdef HAVE_SYS_TYPES_H
| # include <sys/types.h>
| #endif
| #ifdef HAVE_SYS_STAT_H
| # include <sys/stat.h>
| #endif
| #ifdef HAVE_UNISTD_H
| # include <unistd.h>
| #endif
| int
| main (void)
| {
| #ifndef __SUNPRO_C
| #ifdef __cplusplus
|   (void) __SUNPRO_C;
| #else
|   (void) __SUNPRO_C;
| #endif
| #endif
| 
|   ;
|   return 0;
| }
configure:5347: result: no
configure:5376: checking for gcc option to accept ISO C99
configure:5526: gcc  -c -g -O2 -pthread  conftest.c >&5
configure:5526: $? = 0
configure:5540: result: none needed
configure:5640: checking for sasl/sasl.h
configure:5640: gcc -c -g -O2 -pthread  conftest.c >&5
configure:5640: $? = 0
configure:5640: result: yes
configure:6034: checking for gcov
configure:6057: found /usr/sbin/gcov
configure:6070: result: /usr/sbin/gcov
configure:6080: checking for main in -lgcov
configure:6100: gcc -o conftest -g -O2 -pthread -pthread   conftest.c -lgcov   >&5
configure:6100: $? = 0
configure:6110: result: yes
configure:6285: checking size of void *
configure:6291: gcc -o conftest -g -O2 -pthread -pthread   conftest.c  >&5
configure:6291: $? = 0
configure:6291: ./conftest
configure:6291: $? = 0
configure:6306: result: 8
configure:6317: checking for library containing clock_gettime
configure:6347: gcc -o conftest -g -O2 -pthread -pthread   conftest.c  >&5
configure:6347: $? = 0
configure:6367: result: none required
configure:6378: checking for library containing socket
configure:6408: gcc -o conftest -g -O2 -pthread -pthread   conftest.c  >&5
configure:6408: $? = 0
configure:6428: result: none required
configure:6437: checking for library containing gethostbyname
configure:6467: gcc -o conftest -g -O2 -pthread -pthread   conftest.c  >&5
configure:6467: $? = 0
configure:6487: result: none required
configure:6514: checking for libevent directory
configure:6559: gcc -o conftest -g -O2 -pthread -pthread   conftest.c -levent  >&5
configure:6559: $? = 0
configure:6598: result: (system)
configure:6637: gcc -o conftest -g -O2 -pthread -pthread   conftest.c -levent  >&5
configure:6637: $? = 0
configure:6637: ./conftest
configure:6637: $? = 0
configure:6728: checking for pkg-config
configure:6751: found /usr/sbin/pkg-config
configure:6763: result: /usr/sbin/pkg-config
configure:6788: checking pkg-config is at least version 0.9.0
configure:6791: result: yes
configure:7088: checking for library containing gethugepagesizes
configure:7118: gcc -o conftest -g -O2 -pthread -pthread   conftest.c -levent  >&5
/usr/bin/ld: /tmp/cclNcCsQ.o: in function `main':
/home/dawood/OS/GITHUB_OS /OS-Projects-main/initial-memcached/memcached-1.6.17/conftest.c:33:(.text.startup+0x5): undefined reference to `gethugepagesizes'
collect2: error: ld returned 1 exit status
configure:7118: $? = 1
configure: failed program was:
| /* confdefs.h */
| #define PACKAGE_NAME "memcached"
| #define PACKAGE_TARNAME "memcached"
| #define PACKAGE_VERSION "1.6.17"
| #define PACKAGE_STRING "memcached 1.6.17"
| #define PACKAGE_BUGREPORT "memcached@googlegroups.com"
| #define PACKAGE_URL ""
| #define PACKAGE "memcached"
| #define VERSION "1.6.17"
| #define HAVE_STDIO_H 1
| #define HAVE_STDLIB_H 1
| #define HAVE_STRING_H 1
| #define HAVE_INTTYPES_H 1
| #define HAVE_STDINT_H 1
| #define HAVE_STRINGS_H 1
| #define HAVE_SYS_STAT_H 1
| #define HAVE_SYS_TYPES_H 1
| #define HAVE_UNISTD_H 1
| #define STDC_HEADERS 1
| #define HAVE_SASL_SASL_H 1
| #define EXTSTORE 1
| #define SIZEOF_VOID_P 8
| #define HAVE_LIBEVENT_NEW 1
| /* end confdefs.h.  */
| 
| /* Override any GCC internal prototype to avoid an error.
|    Use char because int might match the return type of a GCC
|    builtin and then its argument prototype would still apply.  */
| char gethugepagesizes ();
| int
| main (void)
| {
| return gethugepagesizes ();
|   ;
|   return 0;
| }
configure:7118: gcc -o conftest -g -O2 -pthread -pthread   conftest.c -lhugetlbfs  -levent  >&5
/usr/bin/ld: cannot find -lhugetlbfs: No such file or directory
collect2: error: ld returned 1 exit status
configure:7118: $? = 1
configure: failed program was:
| /* confdefs.h */
| #define PACKAGE_NAME "memcached"
| #define PACKAGE_TARNAME "memcached"
| #define PACKAGE_VERSION "1.6.17"
| #define PACKAGE_STRING "memcached 1.6.17"
| #define PACKAGE_BUGREPORT "memcached@googlegroups.com"
| #define PACKAGE_URL ""
| #define PACKAGE "memcached"
| #define VERSION "1.6.17"
| #define HAVE_STDIO_H 1
| #define HAVE_STDLIB_H 1
| #define HAVE_STRING_H 1
| #define HAVE_INTTYPES_H 1
| #define HAVE_STDINT_H 1
| #define HAVE_STRINGS_H 1
| #define HAVE_SYS_STAT_H 1
| #define HAVE_SYS_TYPES_H 1
| #define HAVE_UNISTD_H 1
| #define STDC_HEADERS 1
| #define HAVE_SASL_SASL_H 1
| #define EXTSTORE 1
| #define SIZEOF_VOID_P 8
| #define HAVE_LIBEVENT_NEW 1
| /* end confdefs.h.  */
| 
| /* Override any GCC internal prototype to avoid an error.
|    Use char because int might match the return type of a GCC
|    builtin and then its argument prototype would still apply.  */
| char gethugepagesizes ();
| int
| main (void)
| {
| return gethugepagesizes ();
|   ;
|   return 0;
| }
configure:7138: result: no
configure:7148: checking for _Bool
configure:7148: gcc -c -g -O2 -pthread -pthread  conftest.c >&5
configure:7148: $? = 0
configure:7148: gcc -c -g -O2 -pthread -pthread  conftest.c >&5
conftest.c: In function 'main':
conftest.c:56:20: error: expected expression before ')' token
   56 | if (sizeof ((_Bool)))
      |                    ^
configure:7148: $? = 1
configure: failed program was:
| /* confdefs.h */
| #define PACKAGE_NAME "memcached"
| #define PACKAGE_TARNAME "memcached"
| #define PACKAGE_VERSION "1.6.17"
| #define PACKAGE_STRING "memcached 1.6.17"
| #define PACKAGE_BUGREPORT "memcached@googlegroups.com"
| #define PACKAGE_URL ""
| #define PACKAGE "memcached"
| #define VERSION "1.6.17"
| #define HAVE_STDIO_H 1
| #define HAVE_STDLIB_H 1
| #define HAVE_STRING_H 1
| #define HAVE_INTTYPES_H 1
| #define HAVE_STDINT_H 1
| #define HAVE_STRINGS_H 1
| #define HAVE_SYS_STAT_H 1
| #define HAVE_SYS_TYPES_H 1
| #define HAVE_UNISTD_H 1
| #define STDC_HEADERS 1
| #define HAVE_SASL_SASL_H 1
| #define EXTSTORE 1
| #define SIZEOF_VOID_P 8
| #define HAVE_LIBEVENT_NEW 1
| /* end confdefs.h.  */
| #include <stddef.h>
| #ifdef HAVE_STDIO_H
| # include <stdio.h>
| #endif
| #ifdef HAVE_STDLIB_H
| # include <stdlib.h>
| #endif
| #ifdef HAVE_STRING_H
| # include <string.h>
| #endif
| #ifdef HAVE_INTTYPES_H
| # include <inttypes.h>
| #endif
| #ifdef HAVE_STDINT_H
| # include <stdint.h>
| #endif
| #ifdef HAVE_STRINGS_H
| # include <strings.h>
| #endif
| #ifdef HAVE_SYS_TYPES_H
| # include <sys/types.h>
| #endif
| #ifdef HAVE_SYS_STAT_H
| # include <sys/stat.h>
| #endif
| #ifdef HAVE_UNISTD_H
| # include <unistd.h>
| #endif
| int
| main (void)
| {
| if (sizeof ((_Bool)))
| 	    return 0;
|   ;
|   return 0;
| }
configure:7148: result: yes
configure:7157: checking for stdbool.h that conforms to C99
configure:7273: gcc -c -g -O2 -pthread -pthread  conftest.c >&5
conftest.c:80:17: error: #error "bool is not defined"
   80 |                #error "bool is not defined"
      |                 ^~~~~
conftest.c:83:17: error: #error "false is not defined"
   83 |                #error "false is not defined"
      |                 ^~~~~
conftest.c:86:17: error: #error "true is not defined"
   86 |                #error "true is not defined"
      |                 ^~~~~
configure:7273: $? = 1
configure: failed program was:
| /* confdefs.h */
| #define PACKAGE_NAME "memcached"
| #define PACKAGE_TARNAME "memcached"
| #define PACKAGE_VERSION "1.6.17"
| #define PACKAGE_STRING "memcached 1.6.17"
| #define PACKAGE_BUGREPORT "memcached@googlegroups.com"
| #define PACKAGE_URL ""
| #define PACKAGE "memcached"
| #define VERSION "1.6.17"
| #define HAVE_STDIO_H 1
| #define HAVE_STDLIB_H 1
| #define HAVE_STRING_H 1
| #define HAVE_INTTYPES_H 1
| #define HAVE_STDINT_H 1
| #define HAVE_STRINGS_H 1
| #define HAVE_SYS_STAT_H 1
| #define HAVE_SYS_TYPES_H 1
| #define HAVE_UNISTD_H 1
| #define STDC_HEADERS 1
| #define HAVE_SASL_SASL_H 1
| #define EXTSTORE 1
| #define SIZEOF_VOID_P 8
| #define HAVE_LIBEVENT_NEW 1
| #define HAVE__BOOL 1
| /* end confdefs.h.  */
| #include <stdbool.h>
| 
|              #ifndef __bool_true_false_are_defined
|                #error "__bool_true_false_are_defined is not defined"
|              #endif
|              char a[__bool_true_false_are_defined == 1 ? 1 : -1];
| 
|              /* Regardless of whether this is C++ or "_Bool" is a
|                 valid type name, "true" and "false" should be usable
|                 in #if expressions and integer constant expressions,
|                 and "bool" should be a valid type name.  */
| 
|              #if !true
|                #error "'true' is not true"
|              #endif
|              #if true != 1
|                #error "'true' is not equal to 1"
|              #endif
|              char b[true == 1 ? 1 : -1];
|              char c[true];
| 
|              #if false
|                #error "'false' is not false"
|              #endif
|              #if false != 0
|                #error "'false' is not equal to 0"
|              #endif
|              char d[false == 0 ? 1 : -1];
| 
|              enum { e = false, f = true, g = false * true, h = true * 256 };
| 
|              char i[(bool) 0.5 == true ? 1 : -1];
|              char j[(bool) 0.0 == false ? 1 : -1];
|              char k[sizeof (bool) > 0 ? 1 : -1];
| 
|              struct sb { bool s: 1; bool t; } s;
|              char l[sizeof s.t > 0 ? 1 : -1];
| 
|              /* The following fails for
|                 HP aC++/ANSI C B3910B A.05.55 [Dec 04 2003]. */
|              bool m[h];
|              char n[sizeof m == h * sizeof m[0] ? 1 : -1];
|              char o[-1 - (bool) 0 < 0 ? 1 : -1];
|              /* Catch a bug in an HP-UX C compiler.  See
|          https://gcc.gnu.org/ml/gcc-patches/2003-12/msg02303.html
|          https://lists.gnu.org/archive/html/bug-coreutils/2005-11/msg00161.html
|               */
|              bool p = true;
|              bool *pp = &p;
| 
|              /* C 1999 specifies that bool, true, and false are to be
|                 macros, but C++ 2011 and later overrule this.  */
|              #if __cplusplus < 201103
|               #ifndef bool
|                #error "bool is not defined"
|               #endif
|               #ifndef false
|                #error "false is not defined"
|               #endif
|               #ifndef true
|                #error "true is not defined"
|               #endif
|              #endif
| 
|              /* If _Bool is available, repeat with it all the tests
|                 above that used bool.  */
|              #ifdef HAVE__BOOL
|                struct sB { _Bool s: 1; _Bool t; } t;
| 
|                char q[(_Bool) 0.5 == true ? 1 : -1];
|                char r[(_Bool) 0.0 == false ? 1 : -1];
|                char u[sizeof (_Bool) > 0 ? 1 : -1];
|                char v[sizeof t.t > 0 ? 1 : -1];
| 
|                _Bool w[h];
|                char x[sizeof m == h * sizeof m[0] ? 1 : -1];
|                char y[-1 - (_Bool) 0 < 0 ? 1 : -1];
|                _Bool z = true;
|                _Bool *pz = &p;
|              #endif
| 
| int
| main (void)
| {
| 
|              bool ps = &s;
|              *pp |= p;
|              *pp |= ! p;
| 
|              #ifdef HAVE__BOOL
|                _Bool pt = &t;
|                *pz |= z;
|                *pz |= ! z;
|              #endif
| 
|              /* Refer to every declared value, so they cannot be
|                 discarded as unused.  */
|              return (!a + !b + !c + !d + !e + !f + !g + !h + !i + !j + !k
|                      + !l + !m + !n + !o + !p + !pp + !ps
|              #ifdef HAVE__BOOL
|                      + !q + !r + !u + !v + !w + !x + !y + !z + !pt
|              #endif
|                     );
| 
|   ;
|   return 0;
| }
configure:7281: result: no
configure:7292: checking for inttypes.h
configure:7292: result: yes
configure:7304: checking for sasl_callback_ft
configure:7329: gcc -c -g -O2 -pthread -pthread  conftest.c >&5
configure:7329: $? = 0
configure:7342: result: yes
configure:7354: checking for print macros for integers (C99 section 7.8.1)
configure:7379: gcc -c -g -O2 -pthread -pthread  conftest.c >&5
configure:7379: $? = 0
configure:7388: result: yes
configure:7405: checking for an ANSI C-conforming const
configure:7472: gcc -c -g -O2 -pthread -pthread  conftest.c >&5
configure:7472: $? = 0
configure:7480: result: yes
configure:7491: checking for socklen_t
configure:7514: gcc -c -g -O2 -pthread -pthread  conftest.c >&5
configure:7514: $? = 0
configure:7527: result: yes
configure:7536: checking whether byte ordering is bigendian
configure:7552: gcc -c -g -O2 -pthread -pthread  conftest.c >&5
conftest.c:29:16: error: unknown type name 'not'
   29 |                not a universal capable compiler
      |                ^~~
conftest.c:29:22: error: expected '=', ',', ';', 'asm' or '__attribute__' before 'universal'
   29 |                not a universal capable compiler
      |                      ^~~~~~~~~
conftest.c:29:22: error: unknown type name 'universal'
configure:7552: $? = 1
configure: failed program was:
| /* confdefs.h */
| #define PACKAGE_NAME "memcached"
| #define PACKAGE_TARNAME "memcached"
| #define PACKAGE_VERSION "1.6.17"
| #define PACKAGE_STRING "memcached 1.6.17"
| #define PACKAGE_BUGREPORT "memcached@googlegroups.com"
| #define PACKAGE_URL ""
| #define PACKAGE "memcached"
| #define VERSION "1.6.17"
| #define HAVE_STDIO_H 1
| #define HAVE_STDLIB_H 1
| #define HAVE_STRING_H 1
| #define HAVE_INTTYPES_H 1
| #define HAVE_STDINT_H 1
| #define HAVE_STRINGS_H 1
| #define HAVE_SYS_STAT_H 1
| #define HAVE_SYS_TYPES_H 1
| #define HAVE_UNISTD_H 1
| #define STDC_HEADERS 1
| #define HAVE_SASL_SASL_H 1
| #define EXTSTORE 1
| #define SIZEOF_VOID_P 8
| #define HAVE_LIBEVENT_NEW 1
| #define HAVE__BOOL 1
| #define HAVE_INTTYPES_H 1
| #define HAVE_SASL_CALLBACK_FT 1
| /* end confdefs.h.  */
| #ifndef __APPLE_CC__
| 	       not a universal capable compiler
| 	     #endif
| 	     typedef int dummy;
| 
configure:7598: gcc -c -g -O2 -pthread -pthread  conftest.c >&5
configure:7598: $? = 0
configure:7617: gcc -c -g -O2 -pthread -pthread  conftest.c >&5
conftest.c: In function 'main':
conftest.c:35:18: error: unknown type name 'not'; did you mean 'ino_t'?
   35 |                  not big endian
      |                  ^~~
      |                  ino_t
conftest.c:35:26: error: expected '=', ',', ';', 'asm' or '__attribute__' before 'endian'
   35 |                  not big endian
      |                          ^~~~~~
configure:7617: $? = 1
configure: failed program was:
| /* confdefs.h */
| #define PACKAGE_NAME "memcached"
| #define PACKAGE_TARNAME "memcached"
| #define PACKAGE_VERSION "1.6.17"
| #define PACKAGE_STRING "memcached 1.6.17"
| #define PACKAGE_BUGREPORT "memcached@googlegroups.com"
| #define PACKAGE_URL ""
| #define PACKAGE "memcached"
| #define VERSION "1.6.17"
| #define HAVE_STDIO_H 1
| #define HAVE_STDLIB_H 1
| #define HAVE_STRING_H 1
| #define HAVE_INTTYPES_H 1
| #define HAVE_STDINT_H 1
| #define HAVE_STRINGS_H 1
| #define HAVE_SYS_STAT_H 1
| #define HAVE_SYS_TYPES_H 1
| #define HAVE_UNISTD_H 1
| #define STDC_HEADERS 1
| #define HAVE_SASL_SASL_H 1
| #define EXTSTORE 1
| #define SIZEOF_VOID_P 8
| #define HAVE_LIBEVENT_NEW 1
| #define HAVE__BOOL 1
| #define HAVE_INTTYPES_H 1
| #define HAVE_SASL_CALLBACK_FT 1
| /* end confdefs.h.  */
| #include <sys/types.h>
| 		#include <sys/param.h>
| 
| int
| main (void)
| {
| #if BYTE_ORDER != BIG_ENDIAN
| 		 not big endian
| 		#endif
| 
|   ;
|   return 0;
| }
configure:7751: result: no
configure:7775: checking for htonll
configure:7797: gcc -o conftest -g -O2 -pthread -pthread   conftest.c -levent  >&5
conftest.c:33:23: warning: extra tokens at end of '#include' directive
   33 | #include <inttypes.h> */
      |                       ^
conftest.c: In function 'main':
conftest.c:40:18: error: implicit declaration of function 'htonll'; did you mean 'htonl'? [-Wimplicit-function-declaration]
   40 |           return htonll(0);
      |                  ^~~~~~
      |                  htonl
configure:7797: $? = 1
configure: failed program was:
| /* confdefs.h */
| #define PACKAGE_NAME "memcached"
| #define PACKAGE_TARNAME "memcached"
| #define PACKAGE_VERSION "1.6.17"
| #define PACKAGE_STRING "memcached 1.6.17"
| #define PACKAGE_BUGREPORT "memcached@googlegroups.com"
| #define PACKAGE_URL ""
| #define PACKAGE "memcached"
| #define VERSION "1.6.17"
| #define HAVE_STDIO_H 1
| #define HAVE_STDLIB_H 1
| #define HAVE_STRING_H 1
| #define HAVE_INTTYPES_H 1
| #define HAVE_STDINT_H 1
| #define HAVE_STRINGS_H 1
| #define HAVE_SYS_STAT_H 1
| #define HAVE_SYS_TYPES_H 1
| #define HAVE_UNISTD_H 1
| #define STDC_HEADERS 1
| #define HAVE_SASL_SASL_H 1
| #define EXTSTORE 1
| #define SIZEOF_VOID_P 8
| #define HAVE_LIBEVENT_NEW 1
| #define HAVE__BOOL 1
| #define HAVE_INTTYPES_H 1
| #define HAVE_SASL_CALLBACK_FT 1
| #define ENDIAN_LITTLE 1
| /* end confdefs.h.  */
| 
| #include <sys/types.h>
| #include <netinet/in.h>
| #ifdef HAVE_INTTYPES_H
| #include <inttypes.h> */
| #endif
| 
| int
| main (void)
| {
| 
|           return htonll(0);
| 
|   ;
|   return 0;
| }
configure:7813: result: no
configure:7817: checking for library containing pthread_create
configure:7847: gcc -o conftest -g -O2 -pthread -pthread   conftest.c -levent  >&5
configure:7847: $? = 0
configure:7867: result: none required
configure:7880: checking for mlockall
configure:7880: gcc -o conftest -g -O2 -pthread -pthread   conftest.c -levent  >&5
configure:7880: $? = 0
configure:7880: result: yes
configure:7887: checking for getpagesizes
configure:7887: gcc -o conftest -g -O2 -pthread -pthread   conftest.c -levent  >&5
/usr/bin/ld: /tmp/cc3S6KIg.o: in function `main':
/home/dawood/OS/GITHUB_OS /OS-Projects-main/initial-memcached/memcached-1.6.17/conftest.c:57:(.text.startup+0x5): undefined reference to `getpagesizes'
collect2: error: ld returned 1 exit status
configure:7887: $? = 1
configure: failed program was:
| /* confdefs.h */
| #define PACKAGE_NAME "memcached"
| #define PACKAGE_TARNAME "memcached"
| #define PACKAGE_VERSION "1.6.17"
| #define PACKAGE_STRING "memcached 1.6.17"
| #define PACKAGE_BUGREPORT "memcached@googlegroups.com"
| #define PACKAGE_URL ""
| #define PACKAGE "memcached"
| #define VERSION "1.6.17"
| #define HAVE_STDIO_H 1
| #define HAVE_STDLIB_H 1
| #define HAVE_STRING_H 1
| #define HAVE_INTTYPES_H 1
| #define HAVE_STDINT_H 1
| #define HAVE_STRINGS_H 1
| #define HAVE_SYS_STAT_H 1
| #define HAVE_SYS_TYPES_H 1
| #define HAVE_UNISTD_H 1
| #define STDC_HEADERS 1
| #define HAVE_SASL_SASL_H 1
| #define EXTSTORE 1
| #define SIZEOF_VOID_P 8
| #define HAVE_LIBEVENT_NEW 1
| #define HAVE__BOOL 1
| #define HAVE_INTTYPES_H 1
| #define HAVE_SASL_CALLBACK_FT 1
| #define ENDIAN_LITTLE 1
| #define HAVE_MLOCKALL 1
| /* end confdefs.h.  */
| /* Define getpagesizes to an innocuous variant, in case <limits.h> declares getpagesizes.
|    For example, HP-UX 11i <limits.h> declares gettimeofday.  */
| #define getpagesizes innocuous_getpagesizes
| 
| /* System header to define __stub macros and hopefully few prototypes,
|    which can conflict with char getpagesizes (); below.  */
| 
| #include <limits.h>
| #undef getpagesizes
| 
| /* Override any GCC internal prototype to avoid an error.
|    Use char because int might match the return type of a GCC
|    builtin and then its argument prototype would still apply.  */
| #ifdef __cplusplus
| extern "C"
| #endif
| char getpagesizes ();
| /* The GNU C library defines this for functions which it implements
|     to always fail with ENOSYS.  Some functions are actually named
|     something starting with __ and the normal name is an alias.  */
| #if defined __stub_getpagesizes || defined __stub___getpagesizes
| choke me
| #endif
| 
| int
| main (void)
| {
| return getpagesizes ();
|   ;
|   return 0;
| }
configure:7887: result: no
configure:7894: checking for sysconf
configure:7894: gcc -o conftest -g -O2 -pthread -pthread   conftest.c -levent  >&5
configure:7894: $? = 0
configure:7894: result: yes
configure:7901: checking for memcntl
configure:7901: gcc -o conftest -g -O2 -pthread -pthread   conftest.c -levent  >&5
/usr/bin/ld: /tmp/cccUMR6A.o: in function `main':
/home/dawood/OS/GITHUB_OS /OS-Projects-main/initial-memcached/memcached-1.6.17/conftest.c:58:(.text.startup+0x5): undefined reference to `memcntl'
collect2: error: ld returned 1 exit status
configure:7901: $? = 1
configure: failed program was:
| /* confdefs.h */
| #define PACKAGE_NAME "memcached"
| #define PACKAGE_TARNAME "memcached"
| #define PACKAGE_VERSION "1.6.17"
| #define PACKAGE_STRING "memcached 1.6.17"
| #define PACKAGE_BUGREPORT "memcached@googlegroups.com"
| #define PACKAGE_URL ""
| #define PACKAGE "memcached"
| #define VERSION "1.6.17"
| #define HAVE_STDIO_H 1
| #define HAVE_STDLIB_H 1
| #define HAVE_STRING_H 1
| #define HAVE_INTTYPES_H 1
| #define HAVE_STDINT_H 1
| #define HAVE_STRINGS_H 1
| #define HAVE_SYS_STAT_H 1
| #define HAVE_SYS_TYPES_H 1
| #define HAVE_UNISTD_H 1
| #define STDC_HEADERS 1
| #define HAVE_SASL_SASL_H 1
| #define EXTSTORE 1
| #define SIZEOF_VOID_P 8
| #define HAVE_LIBEVENT_NEW 1
| #define HAVE__BOOL 1
| #define HAVE_INTTYPES_H 1
| #define HAVE_SASL_CALLBACK_FT 1
| #define ENDIAN_LITTLE 1
| #define HAVE_MLOCKALL 1
| #define HAVE_SYSCONF 1
| /* end confdefs.h.  */
| /* Define memcntl to an innocuous variant, in case <limits.h> declares memcntl.
|    For example, HP-UX 11i <limits.h> declares gettimeofday.  */
| #define memcntl innocuous_memcntl
| 
| /* System header to define __stub macros and hopefully few prototypes,
|    which can conflict with char memcntl (); below.  */
| 
| #include <limits.h>
| #undef memcntl
| 
| /* Override any GCC internal prototype to avoid an error.
|    Use char because int might match the return type of a GCC
|    builtin and then its argument prototype would still apply.  */
| #ifdef __cplusplus
| extern "C"
| #endif
| char memcntl ();
| /* The GNU C library defines this for functions which it implements
|     to always fail with ENOSYS.  Some functions are actually named
|     something starting with __ and the normal name is an alias.  */
| #if defined __stub_memcntl || defined __stub___memcntl
| choke me
| #endif
| 
| int
| main (void)
| {
| return memcntl ();
|   ;
|   return 0;
| }
configure:7901: result: no
configure:7908: checking for clock_gettime
configure:7908: gcc -o conftest -g -O2 -pthread -pthread   conftest.c -levent  >&5
configure:7908: $? = 0
configure:7908: result: yes
configure:7915: checking for preadv
configure:7915: gcc -o conftest -g -O2 -pthread -pthread   conftest.c -levent  >&5
configure:7915: $? = 0
configure:7915: result: yes
configure:7922: checking for pread
configure:7922: gcc -o conftest -g -O2 -pthread -pthread   conftest.c -levent  >&5
configure:7922: $? = 0
configure:7922: result: yes
configure:7929: checking for eventfd
configure:7929: gcc -o conftest -g -O2 -pthread -pthread   conftest.c -levent  >&5
configure:7929: $? = 0
configure:7929: result: yes
configure:7939: checking for accept4
configure:7939: gcc -o conftest -g -O2 -pthread -pthread   conftest.c -levent  >&5
configure:7939: $? = 0
configure:7939: result: yes
configure:7952: checking for getopt_long
configure:7952: gcc -o conftest -g -O2 -pthread -pthread   conftest.c -levent  >&5
configure:7952: $? = 0
configure:7952: result: yes
configure:7965: checking for alignment
configure:8014: gcc -o conftest -g -O2 -pthread -pthread   conftest.c -levent  >&5
configure:8014: $? = 0
configure:8014: ./conftest
configure:8014: $? = 0
configure:8030: result: none
configure:8049: checking for GCC atomics
configure:8067: gcc -o conftest -g -O2 -pthread -pthread   conftest.c -levent  >&5
configure:8067: $? = 0
configure:8076: result: yes
configure:8080: checking for GCC 64bit atomics
configure:8099: gcc -o conftest -g -O2 -pthread -pthread   conftest.c -levent  >&5
configure:8099: $? = 0
configure:8108: result: yes
configure:8114: checking for setppriv
configure:8114: gcc -o conftest -g -O2 -pthread -pthread   conftest.c -levent  >&5
/usr/bin/ld: /tmp/ccJkEgPk.o: in function `main':
/home/dawood/OS/GITHUB_OS /OS-Projects-main/initial-memcached/memcached-1.6.17/conftest.c:68:(.text.startup+0x5): undefined reference to `setppriv'
collect2: error: ld returned 1 exit status
configure:8114: $? = 1
configure: failed program was:
| /* confdefs.h */
| #define PACKAGE_NAME "memcached"
| #define PACKAGE_TARNAME "memcached"
| #define PACKAGE_VERSION "1.6.17"
| #define PACKAGE_STRING "memcached 1.6.17"
| #define PACKAGE_BUGREPORT "memcached@googlegroups.com"
| #define PACKAGE_URL ""
| #define PACKAGE "memcached"
| #define VERSION "1.6.17"
| #define HAVE_STDIO_H 1
| #define HAVE_STDLIB_H 1
| #define HAVE_STRING_H 1
| #define HAVE_INTTYPES_H 1
| #define HAVE_STDINT_H 1
| #define HAVE_STRINGS_H 1
| #define HAVE_SYS_STAT_H 1
| #define HAVE_SYS_TYPES_H 1
| #define HAVE_UNISTD_H 1
| #define STDC_HEADERS 1
| #define HAVE_SASL_SASL_H 1
| #define EXTSTORE 1
| #define SIZEOF_VOID_P 8
| #define HAVE_LIBEVENT_NEW 1
| #define HAVE__BOOL 1
| #define HAVE_INTTYPES_H 1
| #define HAVE_SASL_CALLBACK_FT 1
| #define ENDIAN_LITTLE 1
| #define HAVE_MLOCKALL 1
| #define HAVE_SYSCONF 1
| #define HAVE_CLOCK_GETTIME 1
| #define HAVE_PREADV 1
| #define HAVE_PREAD 1
| #define HAVE_EVENTFD 1
| #define HAVE_ACCEPT4 1
| #define HAVE_ACCEPT4 1
| #define HAVE_GETOPT_LONG 1
| #define HAVE_GETOPT_LONG 1
| #define HAVE_GCC_ATOMICS 1
| #define HAVE_GCC_64ATOMICS 1
| /* end confdefs.h.  */
| /* Define setppriv to an innocuous variant, in case <limits.h> declares setppriv.
|    For example, HP-UX 11i <limits.h> declares gettimeofday.  */
| #define setppriv innocuous_setppriv
| 
| /* System header to define __stub macros and hopefully few prototypes,
|    which can conflict with char setppriv (); below.  */
| 
| #include <limits.h>
| #undef setppriv
| 
| /* Override any GCC internal prototype to avoid an error.
|    Use char because int might match the return type of a GCC
|    builtin and then its argument prototype would still apply.  */
| #ifdef __cplusplus
| extern "C"
| #endif
| char setppriv ();
| /* The GNU C library defines this for functions which it implements
|     to always fail with ENOSYS.  Some functions are actually named
|     something starting with __ and the normal name is an alias.  */
| #if defined __stub_setppriv || defined __stub___setppriv
| choke me
| #endif
| 
| int
| main (void)
| {
| return setppriv ();
|   ;
|   return 0;
| }
configure:8114: result: no
configure:8193: checking for pledge
configure:8193: gcc -o conftest -g -O2 -pthread -pthread   conftest.c -levent  >&5
/usr/bin/ld: /tmp/cc5uPX5t.o: in function `main':
/home/dawood/OS/GITHUB_OS /OS-Projects-main/initial-memcached/memcached-1.6.17/conftest.c:68:(.text.startup+0x5): undefined reference to `pledge'
collect2: error: ld returned 1 exit status
configure:8193: $? = 1
configure: failed program was:
| /* confdefs.h */
| #define PACKAGE_NAME "memcached"
| #define PACKAGE_TARNAME "memcached"
| #define PACKAGE_VERSION "1.6.17"
| #define PACKAGE_STRING "memcached 1.6.17"
| #define PACKAGE_BUGREPORT "memcached@googlegroups.com"
| #define PACKAGE_URL ""
| #define PACKAGE "memcached"
| #define VERSION "1.6.17"
| #define HAVE_STDIO_H 1
| #define HAVE_STDLIB_H 1
| #define HAVE_STRING_H 1
| #define HAVE_INTTYPES_H 1
| #define HAVE_STDINT_H 1
| #define HAVE_STRINGS_H 1
| #define HAVE_SYS_STAT_H 1
| #define HAVE_SYS_TYPES_H 1
| #define HAVE_UNISTD_H 1
| #define STDC_HEADERS 1
| #define HAVE_SASL_SASL_H 1
| #define EXTSTORE 1
| #define SIZEOF_VOID_P 8
| #define HAVE_LIBEVENT_NEW 1
| #define HAVE__BOOL 1
| #define HAVE_INTTYPES_H 1
| #define HAVE_SASL_CALLBACK_FT 1
| #define ENDIAN_LITTLE 1
| #define HAVE_MLOCKALL 1
| #define HAVE_SYSCONF 1
| #define HAVE_CLOCK_GETTIME 1
| #define HAVE_PREADV 1
| #define HAVE_PREAD 1
| #define HAVE_EVENTFD 1
| #define HAVE_ACCEPT4 1
| #define HAVE_ACCEPT4 1
| #define HAVE_GETOPT_LONG 1
| #define HAVE_GETOPT_LONG 1
| #define HAVE_GCC_ATOMICS 1
| #define HAVE_GCC_64ATOMICS 1
| /* end confdefs.h.  */
| /* Define pledge to an innocuous variant, in case <limits.h> declares pledge.
|    For example, HP-UX 11i <limits.h> declares gettimeofday.  */
| #define pledge innocuous_pledge
| 
| /* System header to define __stub macros and hopefully few prototypes,
|    which can conflict with char pledge (); below.  */
| 
| #include <limits.h>
| #undef pledge
| 
| /* Override any GCC internal prototype to avoid an error.
|    Use char because int might match the return type of a GCC
|    builtin and then its argument prototype would still apply.  */
| #ifdef __cplusplus
| extern "C"
| #endif
| char pledge ();
| /* The GNU C library defines this for functions which it implements
|     to always fail with ENOSYS.  Some functions are actually named
|     something starting with __ and the normal name is an alias.  */
| #if defined __stub_pledge || defined __stub___pledge
| choke me
| #endif
| 
| int
| main (void)
| {
| return pledge ();
|   ;
|   return 0;
| }
configure:8193: result: no
configure:8217: checking for cap_enter
configure:8217: gcc -o conftest -g -O2 -pthread -pthread   conftest.c -levent  >&5
/usr/bin/ld: /tmp/ccbhAvQ1.o: in function `main':
/home/dawood/OS/GITHUB_OS /OS-Projects-main/initial-memcached/memcached-1.6.17/conftest.c:68:(.text.startup+0x5): undefined reference to `cap_enter'
collect2: error: ld returned 1 exit status
configure:8217: $? = 1
configure: failed program was:
| /* confdefs.h */
| #define PACKAGE_NAME "memcached"
| #define PACKAGE_TARNAME "memcached"
| #define PACKAGE_VERSION "1.6.17"
| #define PACKAGE_STRING "memcached 1.6.17"
| #define PACKAGE_BUGREPORT "memcached@googlegroups.com"
| #define PACKAGE_URL ""
| #define PACKAGE "memcached"
| #define VERSION "1.6.17"
| #define HAVE_STDIO_H 1
| #define HAVE_STDLIB_H 1
| #define HAVE_STRING_H 1
| #define HAVE_INTTYPES_H 1
| #define HAVE_STDINT_H 1
| #define HAVE_STRINGS_H 1
| #define HAVE_SYS_STAT_H 1
| #define HAVE_SYS_TYPES_H 1
| #define HAVE_UNISTD_H 1
| #define STDC_HEADERS 1
| #define HAVE_SASL_SASL_H 1
| #define EXTSTORE 1
| #define SIZEOF_VOID_P 8
| #define HAVE_LIBEVENT_NEW 1
| #define HAVE__BOOL 1
| #define HAVE_INTTYPES_H 1
| #define HAVE_SASL_CALLBACK_FT 1
| #define ENDIAN_LITTLE 1
| #define HAVE_MLOCKALL 1
| #define HAVE_SYSCONF 1
| #define HAVE_CLOCK_GETTIME 1
| #define HAVE_PREADV 1
| #define HAVE_PREAD 1
| #define HAVE_EVENTFD 1
| #define HAVE_ACCEPT4 1
| #define HAVE_ACCEPT4 1
| #define HAVE_GETOPT_LONG 1
| #define HAVE_GETOPT_LONG 1
| #define HAVE_GCC_ATOMICS 1
| #define HAVE_GCC_64ATOMICS 1
| /* end confdefs.h.  */
| /* Define cap_enter to an innocuous variant, in case <limits.h> declares cap_enter.
|    For example, HP-UX 11i <limits.h> declares gettimeofday.  */
| #define cap_enter innocuous_cap_enter
| 
| /* System header to define __stub macros and hopefully few prototypes,
|    which can conflict with char cap_enter (); below.  */
| 
| #include <limits.h>
| #undef cap_enter
| 
| /* Override any GCC internal prototype to avoid an error.
|    Use char because int might match the return type of a GCC
|    builtin and then its argument prototype would still apply.  */
| #ifdef __cplusplus
| extern "C"
| #endif
| char cap_enter ();
| /* The GNU C library defines this for functions which it implements
|     to always fail with ENOSYS.  Some functions are actually named
|     something starting with __ and the normal name is an alias.  */
| #if defined __stub_cap_enter || defined __stub___cap_enter
| choke me
| #endif
| 
| int
| main (void)
| {
| return cap_enter ();
|   ;
|   return 0;
| }
configure:8217: result: no
configure:8241: checking for sandbox_init
configure:8241: gcc -o conftest -g -O2 -pthread -pthread   conftest.c -levent  >&5
/usr/bin/ld: /tmp/ccWZndy1.o: in function `main':
/home/dawood/OS/GITHUB_OS /OS-Projects-main/initial-memcached/memcached-1.6.17/conftest.c:68:(.text.startup+0x5): undefined reference to `sandbox_init'
collect2: error: ld returned 1 exit status
configure:8241: $? = 1
configure: failed program was:
| /* confdefs.h */
| #define PACKAGE_NAME "memcached"
| #define PACKAGE_TARNAME "memcached"
| #define PACKAGE_VERSION "1.6.17"
| #define PACKAGE_STRING "memcached 1.6.17"
| #define PACKAGE_BUGREPORT "memcached@googlegroups.com"
| #define PACKAGE_URL ""
| #define PACKAGE "memcached"
| #define VERSION "1.6.17"
| #define HAVE_STDIO_H 1
| #define HAVE_STDLIB_H 1
| #define HAVE_STRING_H 1
| #define HAVE_INTTYPES_H 1
| #define HAVE_STDINT_H 1
| #define HAVE_STRINGS_H 1
| #define HAVE_SYS_STAT_H 1
| #define HAVE_SYS_TYPES_H 1
| #define HAVE_UNISTD_H 1
| #define STDC_HEADERS 1
| #define HAVE_SASL_SASL_H 1
| #define EXTSTORE 1
| #define SIZEOF_VOID_P 8
| #define HAVE_LIBEVENT_NEW 1
| #define HAVE__BOOL 1
| #define HAVE_INTTYPES_H 1
| #define HAVE_SASL_CALLBACK_FT 1
| #define ENDIAN_LITTLE 1
| #define HAVE_MLOCKALL 1
| #define HAVE_SYSCONF 1
| #define HAVE_CLOCK_GETTIME 1
| #define HAVE_PREADV 1
| #define HAVE_PREAD 1
| #define HAVE_EVENTFD 1
| #define HAVE_ACCEPT4 1
| #define HAVE_ACCEPT4 1
| #define HAVE_GETOPT_LONG 1
| #define HAVE_GETOPT_LONG 1
| #define HAVE_GCC_ATOMICS 1
| #define HAVE_GCC_64ATOMICS 1
| /* end confdefs.h.  */
| /* Define sandbox_init to an innocuous variant, in case <limits.h> declares sandbox_init.
|    For example, HP-UX 11i <limits.h> declares gettimeofday.  */
| #define sandbox_init innocuous_sandbox_init
| 
| /* System header to define __stub macros and hopefully few prototypes,
|    which can conflict with char sandbox_init (); below.  */
| 
| #include <limits.h>
| #undef sandbox_init
| 
| /* Override any GCC internal prototype to avoid an error.
|    Use char because int might match the return type of a GCC
|    builtin and then its argument prototype would still apply.  */
| #ifdef __cplusplus
| extern "C"
| #endif
| char sandbox_init ();
| /* The GNU C library defines this for functions which it implements
|     to always fail with ENOSYS.  Some functions are actually named
|     something starting with __ and the normal name is an alias.  */
| #if defined __stub_sandbox_init || defined __stub___sandbox_init
| choke me
| #endif
| 
| int
| main (void)
| {
| return sandbox_init ();
|   ;
|   return 0;
| }
configure:8241: result: no
configure:8314: checking for xml2rfc
configure:8350: result: no
configure:8360: checking for xsltproc
configure:8383: found /usr/sbin/xsltproc
configure:8396: result: /usr/sbin/xsltproc
configure:8551: checking that generated files are newer than configure
configure:8557: result: done
configure:8653: creating ./config.status

## ---------------------- ##
## Running config.status. ##
## ---------------------- ##

This file was extended by memcached config.status 1.6.17, which was
generated by GNU Autoconf 2.71.  Invocation command line was

  CONFIG_FILES    = 
  CONFIG_HEADERS  = 
  CONFIG_LINKS    = 
  CONFIG_COMMANDS = 
  $ ./config.status 

on archlinux

config.status:928: creating Makefile
config.status:928: creating doc/Makefile
config.status:928: creating config.h
config.status:1157: executing depfiles commands
config.status:1232: cd .       && sed -e '/# am--include-marker/d' Makefile         | make -f - am--depfiles
config.status:1239: $? = 0

## ---------------- ##
## Cache variables. ##
## ---------------- ##

ac_cv_build=x86_64-pc-linux-gnu
ac_cv_c_alignment=none
ac_cv_c_bigendian=no
ac_cv_c_compiler_gnu=yes
ac_cv_c_const=yes
ac_cv_c_socklen_t=yes
ac_cv_c_uint64_support=yes
ac_cv_c_undeclared_builtin_options='none needed'
ac_cv_env_CC_set=
ac_cv_env_CC_value=
ac_cv_env_CFLAGS_set=
ac_cv_env_CFLAGS_value=
ac_cv_env_CPPFLAGS_set=
ac_cv_env_CPPFLAGS_value=
ac_cv_env_CPP_set=
ac_cv_env_CPP_value=
ac_cv_env_LDFLAGS_set=
ac_cv_env_LDFLAGS_value=
ac_cv_env_LIBS_set=
ac_cv_env_LIBS_value=
ac_cv_env_OPENSSL_CFLAGS_set=
ac_cv_env_OPENSSL_CFLAGS_value=
ac_cv_env_OPENSSL_LIBS_set=
ac_cv_env_OPENSSL_LIBS_value=
ac_cv_env_PKG_CONFIG_LIBDIR_set=
ac_cv_env_PKG_CONFIG_LIBDIR_value=
ac_cv_env_PKG_CONFIG_PATH_set=
ac_cv_env_PKG_CONFIG_PATH_value=
ac_cv_env_PKG_CONFIG_set=
ac_cv_env_PKG_CONFIG_value=
ac_cv_env_build_alias_set=
ac_cv_env_build_alias_value=
ac_cv_env_host_alias_set=
ac_cv_env_host_alias_value=
ac_cv_env_target_alias_set=
ac_cv_env_target_alias_value=
ac_cv_func_accept4=yes
ac_cv_func_cap_enter=no
ac_cv_func_clock_gettime=yes
ac_cv_func_eventfd=yes
ac_cv_func_getopt_long=yes
ac_cv_func_getpagesizes=no
ac_cv_func_memcntl=no
ac_cv_func_mlockall=yes
ac_cv_func_pledge=no
ac_cv_func_pread=yes
ac_cv_func_preadv=yes
ac_cv_func_sandbox_init=no
ac_cv_func_setppriv=no
ac_cv_func_sysconf=yes
ac_cv_has_sasl_callback_ft=yes
ac_cv_have_decl___SUNPRO_C=no
ac_cv_header_inttypes_h=yes
ac_cv_header_sasl_sasl_h=yes
ac_cv_header_stdbool_h=no
ac_cv_header_stdint_h=yes
ac_cv_header_stdio_h=yes
ac_cv_header_stdlib_h=yes
ac_cv_header_string_h=yes
ac_cv_header_strings_h=yes
ac_cv_header_sys_stat_h=yes
ac_cv_header_sys_types_h=yes
ac_cv_header_unistd_h=yes
ac_cv_host=x86_64-pc-linux-gnu
ac_cv_lib_gcov_main=yes
ac_cv_libevent_dir='(system)'
ac_cv_objext=o
ac_cv_path_EGREP='/usr/sbin/grep -E'
ac_cv_path_GREP=/usr/sbin/grep
ac_cv_path_PROFILER=/usr/sbin/gcov
ac_cv_path_XML2RFC=no
ac_cv_path_XSLTPROC=/usr/sbin/xsltproc
ac_cv_path_ac_pt_PKG_CONFIG=/usr/sbin/pkg-config
ac_cv_path_install='/usr/bin/install -c'
ac_cv_path_mkdir=/usr/sbin/mkdir
ac_cv_prog_AWK=gawk
ac_cv_prog_CPP='gcc -E'
ac_cv_prog_ac_ct_CC=gcc
ac_cv_prog_cc_c11=
ac_cv_prog_cc_c99=
ac_cv_prog_cc_g=yes
ac_cv_prog_cc_stdc=
ac_cv_prog_make_make_set=yes
ac_cv_search_clock_gettime='none required'
ac_cv_search_gethostbyname='none required'
ac_cv_search_gethugepagesizes=no
ac_cv_search_pthread_create='none required'
ac_cv_search_socket='none required'
ac_cv_sizeof_void_p=8
ac_cv_type__Bool=yes
am_cv_CC_dependencies_compiler_type=gcc3
am_cv_make_support_nested_variables=yes
am_cv_prog_cc_c_o=yes

## ----------------- ##
## Output variables. ##
## ----------------- ##

ACLOCAL='${SHELL} '\''/home/dawood/OS/GITHUB_OS /OS-Projects-main/initial-memcached/memcached-1.6.17/missing'\'' aclocal-1.16'
AMDEPBACKSLASH='\'
AMDEP_FALSE='#'
AMDEP_TRUE=''
AMTAR='$${TAR-tar}'
AM_BACKSLASH='\'
AM_DEFAULT_V='$(AM_DEFAULT_VERBOSITY)'
AM_DEFAULT_VERBOSITY='1'
AM_V='$(V)'
AUTOCONF='${SHELL} '\''/home/dawood/OS/GITHUB_OS /OS-Projects-main/initial-memcached/memcached-1.6.17/missing'\'' autoconf'
AUTOHEADER='${SHELL} '\''/home/dawood/OS/GITHUB_OS /OS-Projects-main/initial-memcached/memcached-1.6.17/missing'\'' autoheader'
AUTOMAKE='${SHELL} '\''/home/dawood/OS/GITHUB_OS /OS-Projects-main/initial-memcached/memcached-1.6.17/missing'\'' automake-1.16'
AWK='gawk'
BUILD_DARWIN_PRIVS_FALSE=''
BUILD_DARWIN_PRIVS_TRUE='#'
BUILD_DTRACE_FALSE=''
BUILD_DTRACE_TRUE='#'
BUILD_FREEBSD_PRIVS_FALSE=''
BUILD_FREEBSD_PRIVS_TRUE='#'
BUILD_LINUX_PRIVS_FALSE=''
BUILD_LINUX_PRIVS_TRUE='#'
BUILD_OPENBSD_PRIVS_FALSE=''
BUILD_OPENBSD_PRIVS_TRUE='#'
BUILD_SOLARIS_PRIVS_FALSE=''
BUILD_SOLARIS_PRIVS_TRUE='#'
BUILD_SPECIFICATIONS_FALSE=''
BUILD_SPECIFICATIONS_TRUE='#'
CC='gcc'
CCDEPMODE='depmode=gcc3'
CFLAGS='-g -O2 -pthread -pthread -Wall -Werror -pedantic -Wmissing-prototypes -Wmissing-declarations -Wredundant-decls'
CPP='gcc -E'
CPPFLAGS=''
CSCOPE='cscope'
CTAGS='ctags'
CYGPATH_W='echo'
DARWIN_FALSE=''
DARWIN_TRUE='#'
DEFS='-DHAVE_CONFIG_H'
DEPDIR='.deps'
DISABLE_UNIX_SOCKET_FALSE=''
DISABLE_UNIX_SOCKET_TRUE='#'
DTRACE=''
DTRACEFLAGS=''
DTRACE_INSTRUMENT_OBJ_FALSE=''
DTRACE_INSTRUMENT_OBJ_TRUE='#'
ECHO_C=''
ECHO_N='-n'
ECHO_T=''
EGREP='/usr/sbin/grep -E'
ENABLE_ARM_CRC32_FALSE=''
ENABLE_ARM_CRC32_TRUE='#'
ENABLE_ASAN_FALSE=''
ENABLE_ASAN_TRUE='#'
ENABLE_EXTSTORE_FALSE='#'
ENABLE_EXTSTORE_TRUE=''
ENABLE_PROXY_FALSE=''
ENABLE_PROXY_TRUE='#'
ENABLE_PROXY_URING_FALSE=''
ENABLE_PROXY_URING_TRUE='#'
ENABLE_SASL=''
ENABLE_SASL_FALSE=''
ENABLE_SASL_TRUE='#'
ENABLE_STATIC_FALSE=''
ENABLE_STATIC_TRUE='#'
ENABLE_TLS_FALSE=''
ENABLE_TLS_TRUE='#'
ETAGS='etags'
EXEEXT=''
GREP='/usr/sbin/grep'
INSTALL_DATA='${INSTALL} -m 644'
INSTALL_PROGRAM='${INSTALL}'
INSTALL_SCRIPT='${INSTALL}'
INSTALL_STRIP_PROGRAM='$(install_sh) -c -s'
LDFLAGS=''
LIBOBJS=''
LIBS='-levent '
LTLIBOBJS=''
MAKEINFO='${SHELL} '\''/home/dawood/OS/GITHUB_OS /OS-Projects-main/initial-memcached/memcached-1.6.17/missing'\'' makeinfo'
MKDIR_P='/usr/sbin/mkdir -p'
OBJEXT='o'
OPENSSL_CFLAGS=''
OPENSSL_LIBS=''
PACKAGE='memcached'
PACKAGE_BUGREPORT='memcached@googlegroups.com'
PACKAGE_NAME='memcached'
PACKAGE_STRING='memcached 1.6.17'
PACKAGE_TARNAME='memcached'
PACKAGE_URL=''
PACKAGE_VERSION='1.6.17'
PATH_SEPARATOR=':'
PKG_CONFIG='/usr/sbin/pkg-config'
PKG_CONFIG_LIBDIR=''
PKG_CONFIG_PATH=''
PROFILER='/usr/sbin/gcov'
PROFILER_FLAGS='-fprofile-arcs -ftest-coverage'
PROFILER_LDFLAGS='-lgcov'
SET_MAKE=''
SHELL='/bin/sh'
STRIP=''
VERSION='1.6.17'
XML2RFC='no'
XSLTPROC='/usr/sbin/xsltproc'
ac_ct_CC='gcc'
am__EXEEXT_FALSE=''
am__EXEEXT_TRUE='#'
am__fastdepCC_FALSE='#'
am__fastdepCC_TRUE=''
am__include='include'
am__isrc=''
am__leading_dot='.'
am__nodep='_no'
am__quote=''
am__tar='$${TAR-tar} chof - "$$tardir"'
am__untar='$${TAR-tar} xf -'
bindir='${exec_prefix}/bin'
build='x86_64-pc-linux-gnu'
build_alias=''
build_cpu='x86_64'
build_os='linux-gnu'
build_vendor='pc'
datadir='${datarootdir}'
datarootdir='${prefix}/share'
docdir='${datarootdir}/doc/${PACKAGE_TARNAME}'
dvidir='${docdir}'
exec_prefix='${prefix}'
host='x86_64-pc-linux-gnu'
host_alias=''
host_cpu='x86_64'
host_os='linux-gnu'
host_vendor='pc'
htmldir='${docdir}'
includedir='${prefix}/include'
infodir='${datarootdir}/info'
install_sh='${SHELL} '\''/home/dawood/OS/GITHUB_OS /OS-Projects-main/initial-memcached/memcached-1.6.17/install-sh'\'''
libdir='${exec_prefix}/lib'
libexecdir='${exec_prefix}/libexec'
localedir='${datarootdir}/locale'
localstatedir='${prefix}/var'
mandir='${datarootdir}/man'
mkdir_p='$(MKDIR_P)'
oldincludedir='/usr/include'
pdfdir='${docdir}'
prefix='/usr/local'
program_transform_name='s,x,x,'
psdir='${docdir}'
runstatedir='${localstatedir}/run'
sbindir='${exec_prefix}/sbin'
sharedstatedir='${prefix}/com'
sysconfdir='${prefix}/etc'
target_alias=''

## ----------- ##
## confdefs.h. ##
## ----------- ##

/* confdefs.h */
#define PACKAGE_NAME "memcached"
#define PACKAGE_TARNAME "memcached"
#define PACKAGE_VERSION "1.6.17"
#define PACKAGE_STRING "memcached 1.6.17"
#define PACKAGE_BUGREPORT "memcached@googlegroups.com"
#define PACKAGE_URL ""
#define PACKAGE "memcached"
#define VERSION "1.6.17"
#define HAVE_STDIO_H 1
#define HAVE_STDLIB_H 1
#define HAVE_STRING_H 1
#define HAVE_INTTYPES_H 1
#define HAVE_STDINT_H 1
#define HAVE_STRINGS_H 1
#define HAVE_SYS_STAT_H 1
#define HAVE_SYS_TYPES_H 1
#define HAVE_UNISTD_H 1
#define STDC_HEADERS 1
#define HAVE_SASL_SASL_H 1
#define EXTSTORE 1
#define SIZEOF_VOID_P 8
#define HAVE_LIBEVENT_NEW 1
#define HAVE__BOOL 1
#define HAVE_INTTYPES_H 1
#define HAVE_SASL_CALLBACK_FT 1
#define ENDIAN_LITTLE 1
#define HAVE_MLOCKALL 1
#define HAVE_SYSCONF 1
#define HAVE_CLOCK_GETTIME 1
#define HAVE_PREADV 1
#define HAVE_PREAD 1
#define HAVE_EVENTFD 1
#define HAVE_ACCEPT4 1
#define HAVE_ACCEPT4 1
#define HAVE_GETOPT_LONG 1
#define HAVE_GETOPT_LONG 1
#define HAVE_GCC_ATOMICS 1
#define HAVE_GCC_64ATOMICS 1
#define _GNU_SOURCE 1

configure: exit 0
