2026-03-03 21:51:01,17,46,2.30,65
2026-03-03 21:52:01,17,45,2.11,65
2026-03-03 21:53:02,24,45,2.21,65
2026-03-03 21:54:01,7,46,2.24,65
2026-03-03 21:55:01,14,46,2.31,65
2026-03-03 21:56:01,25,45,2.27,65
2026-03-03 21:57:01,11,47,1.79,65
2026-03-03 21:58:01,11,46,1.57,65
2026-03-03 21:59:01,14,45,2.01,65
2026-03-03 22:00:01,15,46,1.86,65
2026-03-03 22:01:01,13,46,2.06,65
2026-03-03 22:02:01,13,46,1.58,65
2026-03-03 22:03:02,15,46,2.35,65
2026-03-03 22:04:01,12,46,1.85,65
2026-03-03 22:05:01,11,46,1.83,65
2026-03-03 22:06:01,13,46,1.41,65
2026-03-03 22:07:01,14,46,1.95,65
2026-03-03 22:08:01,13,46,1.91,65
2026-03-03 22:09:01,12,45,1.55,65
2026-03-03 22:10:01,12,45,1.72,65
2026-03-03 22:11:01,12,45,1.55,65
2026-03-03 22:12:01,13,46,2.10,65
2026-03-03 22:13:01,13,46,2.23,65
2026-03-03 22:14:01,13,46,1.97,65
2026-03-03 22:15:01,13,46,1.91,65
2026-03-03 22:16:01,14,46,1.92,65
2026-03-03 22:17:01,28,48,2.32,65
2026-03-03 22:18:02,30,47,1.83,65
2026-03-03 22:19:01,15,47,2.56,65
2026-03-03 22:20:01,5,47,2.04,65
2026-03-03 22:21:01,13,47,1.72,65
2026-03-03 22:22:01,20,47,2.40,65
2026-03-03 22:23:01,25,49,2.40,65
2026-03-03 22:24:01,10,48,1.66,65
2026-03-03 22:25:01,10,48,1.93,65
2026-03-03 22:26:01,9,48,1.59,65
2026-03-03 22:27:01,25,49,1.96,65
2026-03-03 22:28:01,21,49,2.82,65
2026-03-03 22:29:01,21,49,2.76,65
2026-03-03 22:30:01,23,49,2.91,65
2026-03-03 22:31:01,34,50,2.96,65
2026-03-03 22:32:01,18,53,2.63,65
2026-03-03 22:33:02,17,53,2.28,65
2026-03-03 22:34:01,19,53,2.64,65
2026-03-03 22:35:01,19,53,2.37,65
2026-03-03 22:36:01,19,53,2.06,65
2026-03-03 22:37:01,21,53,2.54,65
2026-03-03 22:38:01,12,52,3.20,65
2026-03-03 22:39:01,19,52,2.42,65
2026-03-03 22:40:01,19,51,1.72,65
2026-03-03 22:41:01,18,52,1.75,65
2026-03-03 22:42:01,16,52,2.53,65
2026-03-03 22:43:01,16,52,1.89,65
2026-03-03 22:44:01,16,52,2.32,65
2026-03-03 22:45:02,15,52,2.14,65
2026-03-03 22:46:01,16,52,2.58,65
2026-03-03 22:47:01,16,52,2.73,65
2026-03-03 22:48:01,16,52,1.90,65
2026-03-03 22:49:01,16,52,1.96,65
2026-03-03 22:50:01,17,52,2.10,65
2026-03-03 22:51:01,17,52,2.01,65
2026-03-03 22:52:01,11,52,2.03,65
2026-03-03 22:53:01,18,53,1.58,65
2026-03-03 22:54:01,15,53,2.02,65
2026-03-03 22:55:01,16,53,2.86,65
2026-03-03 22:56:01,17,53,2.65,65
2026-03-03 22:57:01,16,53,1.78,65
2026-03-03 22:58:01,16,53,2.38,65
2026-03-03 22:59:01,14,53,2.70,65
2026-03-03 23:00:02,14,53,2.80,65
2026-03-03 23:01:01,13,55,2.10,65
2026-03-03 23:02:01,21,55,2.03,65
2026-03-03 23:03:01,11,54,2.29,65
2026-03-03 23:04:01,10,54,2.02,65
2026-03-03 23:05:01,15,56,1.91,65
2026-03-03 23:06:01,30,54,2.52,65
2026-03-03 23:07:01,10,54,2.39,65
2026-03-03 23:08:01,10,53,1.58,65
2026-03-03 23:09:01,10,53,1.44,65
2026-03-03 23:10:01,10,53,1.54,65
2026-03-03 23:11:01,9,53,1.35,65
2026-03-03 23:12:01,10,53,2.05,65
2026-03-03 23:13:02,10,53,2.05,65
2026-03-03 23:14:01,10,53,1.56,65
2026-03-03 23:15:01,16,53,1.39,65
2026-03-03 23:16:01,12,53,1.88,65
2026-03-03 23:17:01,11,53,1.69,65
2026-03-03 23:18:01,9,53,1.35,65
2026-03-03 23:19:01,10,53,1.51,65
2026-03-03 23:20:01,10,53,1.49,65
2026-03-03 23:21:01,10,53,2.20,65
2026-03-03 23:22:01,10,53,1.81,65
2026-03-03 23:23:01,10,53,1.42,65
2026-03-03 23:24:01,12,54,1.44,65
2026-03-03 23:25:01,11,53,1.55,65
2026-03-03 23:26:01,21,53,2.57,65
2026-03-03 23:27:01,27,53,2.83,65
2026-03-03 23:28:01,13,53,2.24,65
2026-03-03 23:29:01,12,53,1.87,65
2026-03-03 23:30:01,19,53,2.10,65
2026-03-03 23:31:01,5,53,1.20,65
2026-03-03 23:32:01,11,52,0.51,65
2026-03-03 23:33:01,4,52,0.60,65
2026-03-03 23:34:01,4,53,0.73,65
2026-03-03 23:35:01,5,53,0.48,65
2026-03-03 23:36:02,4,53,0.54,65
2026-03-03 23:37:01,11,53,0.43,65
2026-03-03 23:38:01,9,53,0.19,65
2026-03-03 23:39:01,2,50,1.58,65
2026-03-03 23:40:01,6,50,0.93,65
2026-03-03 23:41:01,3,50,0.88,65
2026-03-03 23:42:01,1,50,0.68,65
2026-03-03 23:43:01,1,50,0.53,65
2026-03-03 23:44:01,1,50,0.19,65
2026-03-03 23:45:01,1,50,0.07,65
2026-03-03 23:46:01,1,50,0.29,65
2026-03-03 23:47:01,0,50,0.15,65
2026-03-03 23:48:01,1,50,0.05,65
2026-03-03 23:49:01,1,50,0.28,65
2026-03-03 23:50:01,1,50,0.20,65
2026-03-03 23:51:01,0,50,0.20,65
2026-03-03 23:52:01,0,49,0.07,65
2026-03-03 23:53:01,1,50,0.09,65
2026-03-03 23:54:02,0,50,0.16,65
2026-03-03 23:55:01,1,50,0.11,65
2026-03-03 23:56:01,2,50,0.27,65
2026-03-03 23:57:01,1,50,0.45,65
2026-03-03 23:58:01,1,50,0.26,65
2026-03-03 23:59:01,1,50,0.21,65
2026-03-04 00:00:01,1,50,0.20,65
2026-03-04 00:01:01,1,50,0.40,65
2026-03-04 00:02:01,1,49,0.18,65
2026-03-04 00:03:01,1,49,0.19,65
2026-03-04 00:04:01,1,49,0.13,65
2026-03-04 00:05:01,2,49,0.05,65
2026-03-04 00:06:01,1,49,0.10,65
2026-03-04 00:07:01,1,49,0.10,65
2026-03-04 00:08:01,1,49,0.04,65
2026-03-04 00:09:01,1,49,0.10,65
2026-03-04 00:10:01,2,49,0.18,65
2026-03-04 00:11:01,1,49,0.14,65
2026-03-04 00:12:02,1,49,0.14,65
2026-03-04 00:13:01,2,49,0.05,65
2026-03-04 00:14:01,2,49,0.06,65
2026-03-04 00:15:01,1,49,0.05,65
2026-03-04 00:16:01,0,49,0.02,65
2026-03-04 00:17:01,0,49,0.00,65
2026-03-04 00:18:01,1,49,0.04,65
2026-03-04 00:19:01,2,49,0.54,65
2026-03-04 00:20:01,3,49,0.56,65
2026-03-04 00:21:01,1,50,0.30,65
2026-03-04 00:22:01,3,50,0.33,65
2026-03-04 00:23:01,2,50,0.12,65
2026-03-04 00:24:01,1,50,0.16,65
2026-03-04 00:25:01,1,50,0.16,65
2026-03-04 00:26:01,1,50,0.14,65
2026-03-04 00:27:01,2,50,0.05,65
2026-03-04 00:28:01,2,50,0.10,65
2026-03-04 00:29:01,2,50,0.24,65
2026-03-04 00:30:01,1,50,0.13,65
2026-03-04 00:31:01,2,50,0.23,65
2026-03-04 00:32:02,2,50,0.08,65
2026-03-04 00:33:01,1,50,0.06,65
2026-03-04 00:34:01,1,50,0.06,65
2026-03-04 00:35:01,1,50,0.14,65
2026-03-04 00:36:01,1,50,0.17,65
2026-03-04 00:37:01,1,50,0.15,65
2026-03-04 00:38:01,1,50,0.10,65
2026-03-04 00:39:01,0,50,0.08,65
2026-03-04 00:40:01,1,50,0.27,65
2026-03-04 00:41:01,1,50,0.18,65
2026-03-04 00:42:01,1,50,0.06,65
2026-03-04 00:43:01,1,50,0.05,65
2026-03-04 00:44:01,2,50,0.02,65
2026-03-04 00:45:01,2,50,0.04,65
2026-03-04 00:46:01,2,50,0.17,65
2026-03-04 00:47:01,1,50,0.10,65
2026-03-04 00:48:01,2,50,0.15,65
2026-03-04 00:49:01,2,50,0.06,65
2026-03-04 00:50:01,2,50,0.02,65
2026-03-04 00:51:02,15,51,0.00,65
2026-03-04 00:52:01,1,50,0.03,65
2026-03-04 00:53:01,1,50,0.47,65
2026-03-04 00:54:01,1,50,0.47,65
2026-03-04 00:55:01,1,50,0.28,65
2026-03-04 00:56:01,1,50,0.34,65
2026-03-04 00:57:01,1,50,0.18,65
2026-03-04 00:58:01,1,50,0.07,65
2026-03-04 00:59:01,1,50,0.08,65
2026-03-04 01:00:01,13,50,0.03,65
2026-03-04 01:01:01,2,51,0.01,65
2026-03-04 01:02:01,1,50,0.15,65
2026-03-04 01:03:01,1,50,0.05,65
2026-03-04 01:04:01,1,51,0.10,65
2026-03-04 01:05:01,1,50,0.03,65
2026-03-04 01:06:01,1,51,0.15,65
2026-03-04 01:07:01,1,50,0.05,65
2026-03-04 01:08:01,1,50,0.19,65
2026-03-04 01:09:01,1,51,0.14,65
2026-03-04 01:10:01,0,50,0.05,65
2026-03-04 01:11:02,1,51,0.09,65
2026-03-04 01:12:01,1,50,0.03,65
2026-03-04 01:13:01,1,50,0.09,65
2026-03-04 01:14:01,1,50,0.03,65
2026-03-04 01:15:01,1,49,0.69,65
2026-03-04 01:16:01,2,49,0.31,65
2026-03-04 01:17:01,0,49,0.17,65
2026-03-04 01:18:01,1,49,0.19,65
2026-03-04 01:19:01,1,49,0.26,65
2026-03-04 01:20:01,1,50,0.21,65
2026-03-04 01:21:01,0,50,0.28,65
2026-03-04 01:22:01,1,50,0.15,65
2026-03-04 01:23:01,0,49,0.10,65
2026-03-04 01:24:01,1,49,0.04,65
2026-03-04 01:25:01,1,49,0.12,65
2026-03-04 01:26:01,0,49,0.13,65
2026-03-04 01:27:01,0,49,0.14,65
2026-03-04 01:28:01,0,49,0.18,65
2026-03-04 01:29:01,1,49,0.10,65
2026-03-04 01:30:01,1,49,0.11,65
2026-03-04 01:31:01,1,49,0.04,65
2026-03-04 01:32:02,0,49,0.01,65
2026-03-04 01:33:01,1,49,0.15,65
2026-03-04 01:34:01,1,49,0.08,65
2026-03-04 17:40:39,24,51,1.62,65
2026-03-04 17:41:01,5,50,1.47,65
2026-03-04 17:42:01,1,49,0.83,65
2026-03-04 17:43:01,0,49,0.37,65
2026-03-04 17:44:01,1,49,0.13,65
2026-03-04 17:45:01,1,49,0.16,65
2026-03-04 17:46:01,2,49,0.33,65
2026-03-04 17:47:01,1,49,0.19,65
2026-03-04 17:48:01,0,49,0.07,65
2026-03-04 17:49:01,0,49,0.02,65
2026-03-04 17:50:01,1,49,0.18,65
2026-03-04 17:51:01,0,49,0.13,65
2026-03-04 17:52:01,1,49,0.21,65
2026-03-04 17:53:02,0,49,0.17,65
2026-03-04 17:54:01,1,49,0.07,65
2026-03-04 17:55:01,0,49,0.13,65
2026-03-04 17:56:01,0,49,0.04,65
2026-03-04 17:57:01,0,49,0.05,65
2026-03-04 17:58:01,1,49,0.32,65
2026-03-04 17:59:01,1,50,0.12,65
2026-03-04 18:00:01,0,50,0.09,65
2026-03-04 18:01:01,1,50,0.23,65
2026-03-04 18:02:01,0,49,0.17,65
2026-03-04 18:03:01,2,50,0.11,65
2026-03-04 18:04:01,1,50,0.21,65
2026-03-04 18:05:01,0,50,0.25,65
2026-03-04 18:06:01,0,50,0.20,65
2026-03-04 18:07:01,1,50,0.19,65
2026-03-04 18:08:01,1,50,0.15,65
2026-03-04 18:09:01,0,50,0.27,65
2026-03-04 18:10:01,0,50,0.17,65
2026-03-04 18:11:01,0,50,0.19,65
2026-03-04 18:12:02,0,50,0.07,65
2026-03-04 18:13:01,1,50,0.03,65
2026-03-04 18:14:01,0,50,0.07,65
2026-03-04 18:15:02,0,50,0.08,65
2026-03-04 18:16:01,0,50,0.03,65
2026-03-04 18:17:01,0,50,0.01,65
2026-03-04 18:18:01,0,50,0.11,65
2026-03-04 18:19:01,1,50,0.10,65
2026-03-04 18:20:01,1,50,0.07,65
2026-03-04 18:21:01,0,50,0.12,65
2026-03-04 18:22:01,0,49,0.04,65
2026-03-04 18:23:01,0,49,0.06,65
2026-03-04 18:24:01,1,49,0.15,65
2026-03-04 18:25:01,1,49,0.06,65
2026-03-04 18:26:01,0,49,0.10,65
2026-03-04 18:27:01,1,49,0.18,65
2026-03-04 18:28:02,0,49,0.14,65
2026-03-04 18:29:01,0,49,0.27,65
2026-03-04 18:30:01,1,49,0.18,65
2026-03-04 18:31:01,0,49,0.18,65
2026-03-04 18:32:01,1,49,0.06,65
2026-03-04 18:33:01,1,49,0.14,65
2026-03-04 18:34:01,0,49,0.24,65
2026-03-04 18:35:01,0,49,0.20,65
2026-03-04 18:36:01,1,49,0.29,65
2026-03-04 18:37:01,1,49,0.24,65
2026-03-04 18:38:01,1,49,0.33,65
2026-03-04 18:39:01,0,49,0.18,65
2026-03-04 18:40:01,0,49,0.17,65
2026-03-04 18:41:02,0,49,0.06,65
2026-03-04 18:42:01,2,49,0.16,65
2026-03-04 18:43:01,1,49,0.11,65
2026-03-04 18:44:01,0,50,0.04,65
2026-03-04 18:45:01,1,50,0.01,65
2026-03-04 18:46:01,1,50,0.09,65
2026-03-04 18:47:01,1,50,0.08,65
2026-03-04 18:48:01,1,50,0.19,65
2026-03-04 18:49:01,0,50,0.07,65
2026-03-04 18:50:01,1,50,0.07,65
2026-03-04 18:51:01,0,50,0.11,65
2026-03-04 18:52:02,1,50,0.13,65
2026-03-04 18:53:01,1,50,0.22,65
2026-03-04 18:54:01,1,50,0.43,65
2026-03-04 18:55:01,1,50,0.25,65
2026-03-04 18:56:01,0,50,0.19,65
2026-03-04 18:57:01,1,50,0.16,65
2026-03-04 18:58:01,2,50,0.06,65
2026-03-04 18:59:01,0,50,0.09,65
2026-03-04 19:00:01,1,50,0.03,65
2026-03-04 19:01:01,0,50,0.05,65
2026-03-04 19:02:01,1,50,0.08,65
2026-03-04 19:03:01,1,50,0.03,65
2026-03-04 19:04:01,1,50,0.01,65
2026-03-04 19:05:01,1,49,0.00,65
2026-03-04 19:06:01,0,50,0.00,65
2026-03-04 19:07:01,0,50,0.04,65
2026-03-04 19:08:01,1,50,0.14,65
2026-03-04 19:09:01,1,50,0.11,65
2026-03-04 19:10:01,1,50,0.15,65
2026-03-04 19:11:01,1,50,0.16,65
2026-03-04 19:12:01,1,50,0.09,65
2026-03-04 19:13:02,1,50,0.10,65
2026-03-04 19:14:01,0,50,0.15,65
2026-03-04 19:15:01,1,50,0.09,65
2026-03-04 19:16:01,2,50,0.09,65
2026-03-04 19:17:01,1,50,0.16,65
2026-03-04 19:18:01,1,50,0.09,65
2026-03-04 19:19:01,1,50,0.16,65
2026-03-04 19:20:01,1,50,0.11,65
2026-03-04 19:21:01,1,50,0.04,65
2026-03-04 19:22:01,0,50,0.01,65
2026-03-04 19:23:01,0,50,0.00,65
2026-03-04 19:24:01,0,50,0.00,65
2026-03-04 19:25:01,1,50,0.12,65
2026-03-04 19:26:01,0,50,0.04,65
2026-03-04 19:27:01,0,50,0.01,65
2026-03-04 19:28:01,0,50,0.22,65
2026-03-04 19:29:01,1,50,0.08,65
2026-03-04 19:30:01,1,50,0.25,65
2026-03-04 19:31:01,1,50,0.21,65
2026-03-04 19:32:02,0,50,0.13,65
2026-03-04 19:33:01,1,50,0.05,65
2026-03-04 19:34:01,1,50,0.02,65
2026-03-04 19:35:01,1,50,0.06,65
2026-03-04 19:36:01,0,50,0.16,65
2026-03-04 19:37:01,0,50,0.15,65
2026-03-04 19:38:01,1,49,0.11,65
2026-03-04 19:39:01,1,49,0.33,65
2026-03-04 19:40:01,0,49,0.12,65
2026-03-04 19:41:01,1,49,0.16,65
2026-03-04 19:42:01,0,49,0.12,65
2026-03-04 19:43:02,1,49,0.18,65
2026-03-04 19:44:01,1,49,0.13,65
2026-03-04 19:45:01,0,49,0.11,65
2026-03-04 19:46:01,1,49,0.04,65
2026-03-04 19:47:01,1,49,0.09,65
2026-03-04 19:48:01,1,49,0.03,65
2026-03-04 19:49:01,1,49,0.01,65
2026-03-04 19:50:01,1,49,0.00,65
2026-03-04 19:51:01,1,50,0.09,65
2026-03-04 19:52:01,1,50,0.11,65
2026-03-04 19:53:01,1,50,0.08,65
2026-03-04 19:54:02,1,50,0.03,65
2026-03-04 19:55:01,1,50,0.12,65
2026-03-04 19:56:01,0,50,0.04,65
2026-03-04 19:57:01,0,50,0.12,65
2026-03-04 19:58:01,0,50,0.04,65
2026-03-04 19:59:01,1,50,0.01,65
2026-03-04 20:00:01,1,50,0.10,65
2026-03-04 20:01:01,1,50,0.11,65
2026-03-04 20:02:01,1,50,0.04,65
2026-03-04 20:03:01,1,50,0.07,65
2026-03-04 20:04:01,1,50,0.13,65
2026-03-04 20:05:01,3,50,0.09,65
2026-03-04 20:06:01,1,50,0.14,65
2026-03-04 20:07:01,1,50,0.14,65
2026-03-04 20:08:01,1,50,0.15,65
2026-03-04 20:09:01,1,50,0.10,65
2026-03-04 20:10:01,1,50,0.04,65
2026-03-04 20:11:01,1,50,0.01,65
2026-03-04 20:12:01,1,50,0.21,65
2026-03-04 20:13:01,1,50,0.92,65
2026-03-04 20:14:01,1,50,0.64,65
2026-03-04 20:15:01,1,50,0.30,65
2026-03-04 20:16:01,1,50,0.17,65
2026-03-04 20:17:01,1,50,0.37,65
2026-03-04 20:18:01,0,50,0.17,65
2026-03-04 20:19:01,0,50,0.12,65
2026-03-04 20:20:01,1,50,0.23,65
2026-03-04 20:21:01,1,50,0.14,65
2026-03-04 20:22:01,1,50,0.16,65
2026-03-04 20:23:01,0,50,0.32,65
2026-03-04 20:24:01,0,50,0.39,65
2026-03-04 20:25:01,1,50,0.21,65
2026-03-04 20:26:01,1,50,0.13,65
2026-03-04 20:27:01,1,50,0.10,65
2026-03-04 20:28:01,1,50,0.03,65
2026-03-04 20:29:01,1,50,0.19,65
2026-03-04 20:30:01,1,50,0.10,65
2026-03-04 20:31:01,1,50,0.14,65
2026-03-04 20:32:01,1,50,0.05,65
2026-03-04 20:33:01,1,50,0.05,65
2026-03-04 20:34:01,1,50,0.05,65
2026-03-04 20:35:01,1,50,0.02,65
2026-03-04 20:36:01,1,50,0.05,65
2026-03-04 20:37:02,1,50,0.02,65
2026-03-04 20:38:01,0,50,0.00,65
2026-03-04 20:39:01,1,51,0.00,65
2026-03-04 20:40:01,1,51,0.09,65
2026-03-04 20:41:01,1,51,0.03,65
2026-03-04 20:42:01,0,51,0.10,65
2026-03-04 20:43:01,1,51,0.08,65
2026-03-04 20:44:01,1,51,0.03,65
2026-03-04 20:45:01,1,51,0.12,65
2026-03-04 20:46:01,0,51,0.37,65
2026-03-04 20:47:01,1,51,0.38,65
2026-03-04 20:48:01,1,51,0.52,65
2026-03-04 20:49:01,2,51,0.35,65
2026-03-04 20:50:01,2,51,0.16,65
2026-03-04 20:51:01,2,51,0.06,65
2026-03-04 20:52:01,1,51,0.14,65
2026-03-04 20:53:01,1,50,0.05,65
2026-03-04 20:54:01,1,51,0.08,65
2026-03-04 20:55:01,2,50,0.03,65
2026-03-04 20:56:01,1,49,0.01,65
2026-03-04 20:57:01,1,49,0.07,65
2026-03-04 20:58:01,1,50,0.06,65
2026-03-04 20:59:02,1,50,0.20,65
2026-03-04 21:00:01,0,49,0.08,65
2026-03-04 21:01:01,0,49,0.03,65
2026-03-04 21:02:01,1,50,0.22,65
2026-03-04 21:03:01,1,50,0.08,65
2026-03-04 21:04:01,1,50,0.10,65
2026-03-04 21:05:01,0,50,0.14,65
2026-03-04 21:06:01,1,50,0.12,65
2026-03-04 21:07:01,1,50,0.15,65
2026-03-04 21:08:01,1,50,0.05,65
2026-03-04 21:09:01,1,50,0.13,65
2026-03-04 21:10:01,1,50,0.05,65
2026-03-04 21:11:01,1,50,0.07,65
2026-03-04 21:12:01,1,50,0.09,65
2026-03-04 21:13:01,1,50,0.15,65
2026-03-04 21:14:01,2,50,0.12,65
2026-03-04 21:15:01,1,50,0.26,65
2026-03-04 21:16:01,1,50,0.20,65
2026-03-04 21:17:01,1,50,0.13,65
2026-03-04 21:18:01,1,50,0.34,65
2026-03-04 21:19:01,2,50,0.27,65
2026-03-04 21:20:02,1,50,0.18,65
2026-03-04 21:21:01,1,50,0.07,65
2026-03-04 21:22:01,0,50,0.06,65
2026-03-04 21:23:01,0,50,0.07,65
2026-03-04 21:24:01,0,50,0.18,65
2026-03-04 21:25:01,1,50,0.16,65
2026-03-04 21:26:01,1,50,0.15,65
2026-03-04 21:27:01,1,50,0.12,65
2026-03-04 21:28:01,0,50,0.11,65
2026-03-04 21:29:01,1,50,0.19,65
2026-03-04 21:30:01,1,50,0.07,65
2026-03-04 21:31:01,1,50,0.17,65
2026-03-04 21:32:01,1,50,0.26,65
2026-03-04 21:33:01,1,50,0.14,65
2026-03-04 21:34:01,0,50,0.05,65
2026-03-04 21:35:01,1,50,0.09,65
2026-03-04 21:36:01,1,50,0.37,65
2026-03-04 21:37:01,1,50,0.83,65
2026-03-04 21:38:01,3,50,0.59,65
2026-03-04 21:39:01,1,51,0.21,65
2026-03-04 21:40:02,1,50,0.15,65
2026-03-04 21:41:01,1,50,0.09,65
2026-03-04 21:42:01,1,50,0.20,65
2026-03-04 21:43:01,2,50,0.07,65
2026-03-04 21:44:01,1,50,0.07,65
2026-03-04 21:45:01,0,50,0.02,65
2026-03-04 21:46:01,0,51,0.01,65
2026-03-04 21:47:01,0,50,0.00,65
2026-03-04 21:48:01,1,50,0.00,65
2026-03-04 21:49:01,1,50,0.06,65
2026-03-04 21:50:01,1,50,0.02,65
2026-03-04 21:51:01,2,50,0.00,65
2026-03-04 21:52:01,0,50,0.16,65
2026-03-04 21:53:01,1,51,0.12,65
2026-03-04 21:54:01,1,51,0.04,65
2026-03-04 21:55:01,1,51,0.01,65
2026-03-04 21:56:01,1,51,0.00,65
2026-03-04 21:57:01,1,51,0.05,65
2026-03-04 21:58:01,2,51,0.19,65
2026-03-04 21:59:01,2,50,0.07,65
2026-03-04 22:00:01,0,50,0.30,65
2026-03-04 22:01:01,1,50,0.11,65
2026-03-04 22:02:02,0,51,0.04,65
2026-03-04 22:03:01,0,50,0.12,65
2026-03-04 22:04:01,0,51,0.12,65
2026-03-04 22:05:01,0,51,0.17,65
2026-03-04 22:06:01,1,50,0.20,65
2026-03-04 22:07:01,1,50,0.14,65
2026-03-04 22:08:01,0,50,0.22,65
2026-03-04 22:09:01,0,51,0.30,65
2026-03-04 22:10:01,0,51,0.11,65
2026-03-04 22:11:01,2,51,0.04,65
2026-03-04 22:12:01,0,50,0.07,65
2026-03-04 22:13:01,0,50,0.17,65
2026-03-04 22:14:01,0,49,0.06,65
2026-03-04 22:15:01,2,50,0.10,65
2026-03-04 22:16:01,1,50,0.04,65
2026-03-04 22:17:01,1,50,0.01,65
2026-03-04 22:18:01,1,50,0.08,65
2026-03-04 22:19:01,1,50,0.03,65
2026-03-04 22:20:01,1,50,0.01,65
2026-03-04 22:21:01,2,50,0.00,65
2026-03-04 22:22:02,1,50,0.08,65
2026-03-04 22:23:01,1,50,0.29,65
2026-03-04 22:24:01,1,50,0.27,65
2026-03-04 22:25:01,0,50,0.10,65
2026-03-04 22:26:01,1,50,0.10,65
2026-03-04 22:27:01,0,50,0.25,65
2026-03-04 22:28:01,1,50,0.13,65
2026-03-04 22:29:01,1,50,0.05,65
2026-03-04 22:30:01,0,50,0.02,65
2026-03-04 22:31:01,2,50,0.12,65
2026-03-04 22:32:01,0,50,0.08,65
2026-03-04 22:33:01,1,50,0.29,65
2026-03-04 22:34:01,1,50,0.11,65
2026-03-04 22:35:01,0,50,0.04,65
2026-03-04 22:36:01,1,50,0.01,65
2026-03-04 22:37:01,1,50,0.03,65
2026-03-04 22:38:01,2,50,0.16,65
2026-03-04 22:39:01,2,50,0.16,65
2026-03-04 22:40:01,1,50,0.26,65
2026-03-04 22:41:02,0,50,0.27,65
2026-03-04 22:42:01,1,50,0.22,65
2026-03-04 22:43:01,0,50,0.17,65
2026-03-04 22:44:01,0,50,0.06,65
2026-03-04 22:45:01,0,50,0.07,65
2026-03-04 22:46:01,2,50,0.07,65
2026-03-04 22:47:01,1,50,0.18,65
2026-03-04 22:48:01,0,50,0.18,65
2026-03-04 22:49:01,1,50,0.19,65
2026-03-04 22:50:01,0,50,0.16,65
2026-03-04 22:51:01,1,50,0.15,65
2026-03-04 22:52:01,1,50,0.16,65
2026-03-04 22:53:01,0,50,0.20,65
2026-03-04 22:54:01,0,50,0.27,65
2026-03-04 22:55:01,0,50,0.18,65
2026-03-04 22:56:01,1,50,0.22,65
2026-03-04 22:57:01,1,50,0.12,65
2026-03-04 22:58:01,1,51,0.04,65
2026-03-04 22:59:01,1,51,0.16,65
2026-03-04 23:00:01,1,51,0.70,65
2026-03-04 23:01:01,1,50,0.58,65
2026-03-04 23:02:02,1,50,0.21,65
2026-03-04 23:03:01,1,50,0.14,65
2026-03-04 23:04:01,3,50,0.05,65
2026-03-04 23:05:01,4,50,0.02,65
2026-03-04 23:06:01,31,50,0.16,65
2026-03-04 23:07:01,7,47,0.29,65
2026-03-04 23:08:01,8,47,0.31,65
2026-03-04 23:09:01,7,47,0.11,65
2026-03-04 23:10:01,7,47,0.20,65
2026-03-04 23:11:01,7,47,0.12,65
2026-03-04 23:12:01,7,47,0.10,65
2026-03-04 23:13:01,7,47,0.18,65
2026-03-04 23:14:01,7,47,0.16,65
2026-03-04 23:15:01,6,47,0.30,65
2026-03-04 23:16:01,5,47,0.15,65
2026-03-04 23:17:01,4,47,0.05,65
2026-03-04 23:18:01,3,47,0.19,65
2026-03-04 23:19:01,3,47,0.07,65
2026-03-04 23:20:01,3,47,0.06,65
2026-03-04 23:21:01,1,47,0.02,65
2026-03-04 23:22:01,1,47,0.07,65
2026-03-04 23:23:01,1,47,0.03,65
2026-03-04 23:24:01,1,47,0.15,65
2026-03-04 23:25:02,1,47,0.13,65
2026-03-04 23:26:01,1,47,0.05,65
2026-03-04 23:27:01,1,47,0.02,65
2026-03-04 23:28:01,1,47,0.48,65
2026-03-04 23:29:01,0,47,0.25,65
2026-03-04 23:30:01,1,47,0.09,65
2026-03-04 23:31:01,1,47,0.06,65
2026-03-04 23:32:01,1,47,0.08,65
2026-03-04 23:33:01,0,47,0.16,65
2026-03-04 23:34:01,0,47,0.16,65
2026-03-04 23:35:01,0,47,0.27,65
2026-03-04 23:36:01,1,47,0.16,65
2026-03-04 23:37:01,1,47,0.17,65
2026-03-04 23:38:01,0,47,0.13,65
2026-03-04 23:39:01,1,48,0.05,65
2026-03-04 23:40:01,0,47,0.05,65
2026-03-04 23:41:01,3,47,0.05,65
2026-03-04 23:42:01,1,47,0.06,65
2026-03-04 23:43:01,1,47,0.23,65
2026-03-04 23:44:01,1,47,0.08,65
2026-03-04 23:45:02,1,47,0.10,65
2026-03-04 23:46:01,1,47,0.04,65
2026-03-04 23:47:01,1,47,0.06,65
2026-03-04 23:48:01,0,47,0.05,65
2026-03-04 23:49:01,1,47,0.08,65
2026-03-04 23:50:01,0,47,0.03,65
2026-03-04 23:51:01,0,47,0.20,65
2026-03-04 23:52:01,1,47,0.07,65
2026-03-04 23:53:01,14,47,0.10,65
2026-03-04 23:54:01,1,47,0.04,65
2026-03-04 23:55:01,0,47,0.05,65
2026-03-04 23:56:01,0,47,0.02,65
2026-03-04 23:57:01,0,47,0.22,65
2026-03-04 23:58:01,1,47,0.17,65
2026-03-04 23:59:01,1,47,0.09,65
2026-03-05 00:00:01,2,47,0.08,65
2026-03-05 00:01:01,0,47,0.09,65
2026-03-05 00:02:01,1,47,0.03,65
2026-03-05 00:03:01,2,47,0.11,65
2026-03-05 00:04:01,1,47,0.15,65
2026-03-05 00:05:02,1,47,0.12,65
2026-03-05 00:06:01,1,47,0.04,65
2026-03-05 00:07:01,1,47,0.17,65
2026-03-05 00:08:01,1,47,0.14,65
2026-03-05 00:09:01,1,47,0.09,65
2026-03-05 00:10:01,1,47,0.06,65
2026-03-05 00:11:01,1,47,0.12,65
2026-03-05 00:12:01,1,47,0.12,65
2026-03-05 00:13:01,0,47,0.11,65
2026-03-05 00:14:01,0,47,0.21,65
2026-03-05 00:15:01,1,47,0.21,65
2026-03-05 00:16:01,3,47,0.20,65
2026-03-05 00:17:01,3,47,0.16,65
2026-03-05 00:18:01,0,47,0.15,65
2026-03-05 00:19:01,0,47,0.09,65
2026-03-05 00:20:01,0,47,0.10,65
2026-03-05 00:21:01,2,48,0.73,65
2026-03-05 00:22:01,2,48,0.45,65
2026-03-05 00:23:01,7,48,1.10,65
2026-03-05 00:24:02,1,48,1.07,65
2026-03-05 00:25:01,1,48,0.48,65
2026-03-05 00:26:01,1,48,0.26,65
2026-03-05 00:27:01,0,48,0.16,65
2026-03-05 00:28:01,1,48,0.06,65
2026-03-05 00:29:01,1,48,0.09,65
2026-03-05 00:30:01,1,48,0.27,65
2026-03-05 00:31:01,2,48,0.15,65
2026-03-05 00:32:01,0,48,0.09,65
2026-03-05 00:33:01,1,47,0.03,65
2026-03-05 00:34:01,0,47,0.11,65
2026-03-05 00:35:01,0,47,0.07,65
2026-03-05 00:36:01,1,48,0.02,65
2026-03-05 00:37:01,1,47,0.04,65
2026-03-05 00:38:01,4,47,0.01,65
2026-03-05 00:39:01,3,47,0.05,65
2026-03-05 00:40:01,1,48,0.13,65
2026-03-05 00:41:01,0,48,0.05,65
2026-03-05 00:42:01,0,48,0.06,65
2026-03-05 00:43:01,1,48,0.19,65
2026-03-05 00:44:01,0,48,0.11,65
2026-03-05 00:45:01,0,48,0.11,65
2026-03-05 00:46:01,3,48,0.17,65
2026-03-05 00:47:01,1,48,0.21,65
2026-03-05 00:48:01,0,48,0.08,65
2026-03-05 00:49:01,0,48,0.03,65
2026-03-05 00:50:01,1,48,0.01,65
2026-03-05 00:51:01,1,48,0.00,65
2026-03-05 00:52:01,1,48,0.05,65
2026-03-05 00:53:01,1,48,0.02,65
2026-03-05 00:54:01,0,48,0.14,65
2026-03-05 00:55:01,1,48,0.09,65
2026-03-05 00:56:01,1,48,0.07,65
2026-03-05 00:57:01,1,48,0.13,65
2026-03-05 00:58:01,1,48,0.05,65
2026-03-05 00:59:01,1,48,0.09,65
2026-03-05 01:00:01,1,48,0.15,65
2026-03-05 01:01:01,1,48,0.05,65
2026-03-05 01:02:01,0,48,0.02,65
2026-03-05 01:03:01,1,48,0.08,65
2026-03-05 01:04:02,22,48,0.03,65
2026-03-05 01:05:01,22,49,1.52,65
2026-03-05 01:06:01,14,48,2.08,65
2026-03-05 01:07:01,20,41,1.95,65
2026-03-05 01:08:01,10,40,1.84,65
2026-03-05 01:09:01,12,40,1.50,65
2026-03-05 01:10:01,10,40,1.48,65
2026-03-05 01:11:01,11,40,1.38,65
2026-03-05 01:12:01,10,40,1.46,65
2026-03-05 01:13:01,10,40,1.26,65
2026-03-05 01:14:02,10,40,1.28,65
2026-03-05 01:15:01,10,40,1.32,65
2026-03-05 01:16:01,10,40,1.35,65
2026-03-05 01:17:01,11,40,1.76,65
2026-03-05 01:18:01,1,41,0.68,65
2026-03-05 01:19:01,1,40,0.32,65
2026-03-05 01:20:01,1,41,0.15,65
2026-03-05 01:21:01,1,41,0.05,65
2026-03-05 01:22:01,1,40,0.09,65
2026-03-05 01:23:01,1,40,0.07,65
2026-03-05 01:24:01,2,40,0.13,65
2026-03-05 01:25:01,1,40,0.21,65
2026-03-05 01:26:01,1,40,1.03,65
2026-03-05 01:27:01,1,40,0.44,65
2026-03-05 01:28:02,1,40,0.24,65
2026-03-05 01:29:01,1,40,0.08,65
2026-03-05 01:30:01,1,40,0.11,65
2026-03-05 01:31:01,1,41,0.04,65
2026-03-05 01:32:01,3,41,0.01,65
2026-03-05 01:33:01,1,41,0.00,65
2026-03-05 01:34:01,1,41,0.07,65
2026-03-05 01:35:01,25,42,1.14,65
2026-03-05 01:36:01,21,40,2.13,65
2026-03-05 01:37:01,20,40,2.07,65
2026-03-05 01:38:01,21,41,2.22,65
2026-03-05 01:39:01,18,40,2.96,65
2026-03-05 01:40:01,22,40,2.27,65
2026-03-05 01:41:01,22,40,2.66,65
2026-03-05 01:42:02,24,40,2.11,65
2026-03-05 01:43:01,22,40,2.61,65
2026-03-05 01:44:01,20,40,3.29,65
2026-03-05 01:45:01,23,40,3.08,65
2026-03-05 01:46:01,24,40,3.36,65
2026-03-05 01:47:01,28,40,2.91,65
2026-03-05 01:48:01,22,40,2.88,65
2026-03-05 01:49:01,5,41,2.42,65
2026-03-05 01:50:01,11,41,1.90,65
2026-03-05 01:51:01,17,40,1.56,65
2026-03-05 01:52:01,11,40,2.00,65
2026-03-05 01:53:02,16,41,1.89,65
2026-03-05 01:54:01,18,41,2.03,65
2026-03-05 01:55:01,18,42,1.97,65
2026-03-05 01:56:01,22,42,1.75,65
2026-03-05 01:57:01,15,42,1.92,65
2026-03-05 01:58:01,16,42,1.82,65
2026-03-05 01:59:01,15,42,2.00,65
2026-03-05 02:00:01,25,42,1.92,65
2026-03-05 02:01:01,22,42,1.78,65
2026-03-05 02:02:01,11,42,2.98,65
2026-03-05 02:03:01,22,44,2.73,65
2026-03-05 02:04:02,13,43,2.42,65
2026-03-05 02:05:01,20,43,2.85,65
2026-03-05 02:06:01,21,43,2.38,65
2026-03-05 02:07:01,15,43,1.95,65
2026-03-05 02:08:01,23,43,2.25,65
2026-03-05 02:09:01,13,43,1.92,65
2026-03-05 02:10:01,19,43,2.03,65
2026-03-05 02:11:01,22,44,2.21,65
2026-03-05 02:12:01,11,43,1.89,65
2026-03-05 02:13:01,11,43,1.63,65
2026-03-05 02:14:01,14,43,2.28,65
2026-03-05 02:15:02,17,43,2.10,65
2026-03-05 02:16:01,16,43,2.65,65
2026-03-05 02:17:01,17,43,1.83,65
2026-03-05 02:18:01,13,43,1.90,65
2026-03-05 02:19:01,15,43,2.80,65
2026-03-05 02:20:01,18,44,3.18,65
2026-03-05 02:21:01,15,44,2.73,65
2026-03-05 02:22:01,17,43,1.85,65
2026-03-05 02:23:01,14,44,2.12,65
2026-03-05 02:24:01,14,44,1.98,65
2026-03-05 02:25:01,18,44,2.08,65
2026-03-05 02:26:01,19,44,2.05,65
2026-03-05 02:27:02,19,44,2.12,65
2026-03-05 02:28:01,15,44,2.05,65
2026-03-05 02:29:01,14,44,2.50,65
2026-03-05 02:30:01,19,44,2.31,65
2026-03-05 02:31:01,18,44,2.17,65
2026-03-05 02:32:01,13,44,2.81,65
2026-03-05 02:33:01,19,44,2.40,65
2026-03-05 02:34:01,12,44,1.96,65
2026-03-05 02:35:01,12,44,1.79,65
2026-03-05 02:36:01,12,44,1.73,65
2026-03-05 02:37:02,13,44,2.11,65
2026-03-05 02:38:01,11,44,2.07,65
2026-03-05 02:39:01,15,43,1.64,65
2026-03-05 02:40:01,13,43,2.28,65
2026-03-05 02:41:01,13,44,1.83,65
2026-03-05 02:42:01,13,44,2.18,65
2026-03-05 02:43:01,12,44,2.17,65
2026-03-05 02:44:01,12,44,1.95,65
2026-03-05 02:45:01,27,44,2.16,65
2026-03-05 02:46:01,12,44,1.94,65
2026-03-05 02:47:01,18,44,2.05,65
2026-03-05 02:48:02,11,44,2.01,65
2026-03-05 02:49:01,12,44,1.88,65
2026-03-05 02:50:01,12,44,2.61,65
2026-03-05 02:51:01,18,44,2.59,65
2026-03-05 02:52:01,13,44,2.32,65
2026-03-05 02:53:01,21,44,1.92,65
2026-03-05 02:54:01,12,44,1.83,65
2026-03-05 02:55:01,17,44,1.68,65
2026-03-05 02:56:01,21,44,1.65,65
2026-03-05 02:57:01,13,44,1.72,65
2026-03-05 02:58:01,12,44,1.93,65
2026-03-05 02:59:02,14,44,1.90,65
2026-03-05 03:00:01,17,45,1.92,65
2026-03-05 03:01:01,16,45,1.85,65
2026-03-05 03:02:01,11,44,2.26,65
2026-03-05 03:03:01,11,44,2.02,65
2026-03-05 03:04:01,12,44,1.75,65
2026-03-05 03:05:01,12,44,1.95,65
2026-03-05 03:06:01,12,44,2.16,65
2026-03-05 03:07:01,12,45,1.79,65
2026-03-05 03:08:01,12,45,1.77,65
2026-03-05 03:09:02,12,45,1.73,65
2026-03-05 03:10:01,13,44,1.85,65
2026-03-05 03:11:01,20,44,2.17,65
2026-03-05 03:12:01,12,44,2.13,65
2026-03-05 03:13:01,12,45,2.50,65
2026-03-05 03:14:01,11,45,2.41,65
2026-03-05 03:15:01,17,45,2.04,65
2026-03-05 03:16:01,13,45,2.01,65
2026-03-05 03:17:01,12,45,1.59,65
2026-03-05 03:18:02,12,45,1.57,65
2026-03-05 03:19:01,11,45,1.80,65
2026-03-05 03:20:01,15,45,1.55,65
2026-03-05 03:21:01,12,45,1.34,65
2026-03-05 03:22:01,14,45,1.64,65
2026-03-05 03:23:01,11,45,1.57,65
2026-03-05 03:24:01,18,45,2.18,65
2026-03-05 03:25:01,11,46,2.03,65
2026-03-05 03:26:01,23,47,1.64,65
2026-03-05 03:27:01,22,48,1.63,65
2026-03-05 03:28:01,20,46,2.45,65
2026-03-05 03:29:01,22,47,2.22,65
2026-03-05 03:30:01,26,47,2.28,65
2026-03-05 03:31:01,13,48,2.07,65
2026-03-05 03:32:01,39,50,2.57,65
2026-03-05 03:33:01,21,50,2.62,65
2026-03-05 03:34:01,13,47,2.15,65
2026-03-05 03:35:01,13,47,2.20,65
2026-03-05 03:36:01,13,47,1.97,65
2026-03-05 03:37:01,13,48,2.10,65
2026-03-05 03:38:01,17,48,2.13,65
2026-03-05 03:39:01,13,50,1.92,65
2026-03-05 03:40:01,23,49,2.36,65
2026-03-05 03:41:02,15,49,2.14,65
2026-03-05 03:42:01,15,50,1.93,65
2026-03-05 03:43:01,14,49,1.76,65
2026-03-05 03:44:01,12,49,1.55,65
2026-03-05 03:45:01,12,49,1.75,65
2026-03-05 03:46:01,21,50,2.34,65
2026-03-05 03:47:01,20,50,3.17,65
2026-03-05 03:48:01,21,49,2.34,65
2026-03-05 03:49:01,21,49,2.48,65
2026-03-05 03:50:01,22,49,2.19,65
2026-03-05 03:51:02,21,49,2.51,65
2026-03-05 03:52:01,21,49,2.41,65
2026-03-05 03:53:01,8,49,2.45,65
2026-03-05 07:00:57,15,50,2.47,65
2026-03-05 07:01:01,16,50,2.67,65
2026-03-05 07:02:01,24,50,2.83,65
2026-03-05 07:03:01,11,49,2.27,65
2026-03-05 07:04:01,25,49,2.11,65
2026-03-05 07:05:01,20,50,2.47,65
2026-03-05 07:06:01,13,50,3.16,65
2026-03-05 07:07:01,22,50,2.57,65
2026-03-05 07:08:02,22,50,2.28,65
2026-03-05 07:09:01,16,49,1.40,65
2026-03-05 07:10:01,11,49,1.88,65
2026-03-05 07:11:01,14,49,1.66,65
2026-03-05 07:12:01,13,49,1.08,65
2026-03-05 07:13:01,19,49,1.07,65
2026-03-05 07:14:01,19,52,2.45,65
2026-03-05 07:15:01,16,51,2.83,65
2026-03-05 07:16:01,17,51,2.56,65
2026-03-05 07:17:01,17,51,1.90,65
2026-03-05 07:18:01,14,51,1.85,65
2026-03-05 07:19:01,12,50,1.87,65
2026-03-05 07:20:02,22,50,2.01,65
2026-03-05 07:21:01,12,52,2.43,65
2026-03-05 07:22:01,20,51,2.17,65
2026-03-05 07:23:01,12,51,1.73,65
2026-03-05 07:24:01,28,51,2.18,65
2026-03-05 07:25:01,12,51,2.22,65
2026-03-05 07:26:01,18,51,2.50,65
2026-03-05 07:27:01,23,53,3.02,65
2026-03-05 07:28:01,14,53,2.24,65
2026-03-05 07:29:01,15,52,2.46,65
2026-03-05 07:30:01,14,52,1.65,65
2026-03-05 07:31:02,12,52,1.60,65
2026-03-05 07:32:01,19,52,1.91,65
2026-03-05 07:33:01,13,52,1.90,65
2026-03-05 07:34:01,20,52,2.28,65
2026-03-05 07:35:02,15,52,2.36,65
2026-03-05 07:36:01,13,52,2.03,65
2026-03-05 07:37:01,31,52,1.81,65
2026-03-05 07:38:01,15,52,2.02,65
2026-03-05 07:39:01,13,52,2.82,65
2026-03-05 07:40:01,8,52,2.24,65
2026-03-05 07:41:01,9,52,1.75,65
2026-03-05 07:42:01,9,52,1.44,65
2026-03-05 07:43:01,9,52,1.43,65
2026-03-05 07:44:01,9,52,1.56,65
2026-03-05 07:45:02,9,51,1.47,65
2026-03-05 07:46:01,9,51,1.41,65
2026-03-05 07:47:01,8,51,1.19,65
2026-03-05 07:48:01,8,51,1.60,65
2026-03-05 07:49:01,9,51,1.39,65
2026-03-05 07:50:01,1,52,0.96,65
2026-03-05 07:51:01,1,52,0.52,65
2026-03-05 07:52:01,2,52,0.19,65
2026-03-05 07:53:01,1,52,0.07,65
2026-03-05 07:54:01,1,52,0.06,65
2026-03-05 07:55:01,1,51,0.16,65
2026-03-05 07:56:01,1,51,0.47,65
2026-03-05 10:33:42,34,52,1.29,65
2026-03-05 10:34:02,23,51,1.83,65
2026-03-05 10:35:01,19,38,2.27,65
2026-03-05 10:36:01,14,39,1.66,65
2026-03-05 10:37:01,10,39,1.35,65
2026-03-05 10:38:01,12,39,1.30,65
2026-03-05 10:39:01,13,39,1.27,65
2026-03-05 10:40:01,14,38,1.32,65
2026-03-05 10:41:01,22,39,1.53,65
2026-03-05 10:42:01,17,40,1.82,65
2026-03-05 10:43:02,20,40,2.01,65
2026-03-05 10:44:01,8,40,1.92,65
2026-03-05 10:45:02,10,40,1.81,65
2026-03-05 10:46:01,16,40,2.07,65
2026-03-05 10:47:01,10,40,2.15,65
2026-03-05 10:48:01,18,40,2.11,65
2026-03-05 10:49:01,9,40,1.96,65
2026-03-05 10:50:01,10,41,1.52,65
2026-03-05 10:51:01,11,40,1.72,65
2026-03-05 10:52:01,8,40,2.05,65
2026-03-05 10:53:01,12,40,2.69,65
2026-03-05 10:54:01,14,40,2.36,65
2026-03-05 10:55:02,9,40,2.20,65
2026-03-05 10:56:01,8,40,1.83,65
2026-03-05 10:57:01,10,40,2.19,65
2026-03-05 10:58:01,15,40,1.88,65
2026-03-05 10:59:01,17,40,1.69,65
2026-03-05 11:00:01,13,40,2.04,65
2026-03-05 11:01:01,14,40,2.28,65
2026-03-05 11:02:01,13,40,2.29,65
2026-03-05 11:03:01,11,40,1.91,65
2026-03-05 11:04:01,11,40,1.59,65
2026-03-05 11:05:01,13,40,1.50,65
2026-03-05 11:06:02,16,40,1.34,65
2026-03-05 11:07:01,11,41,1.94,65
2026-03-05 11:08:01,11,40,1.49,65
2026-03-05 11:09:01,9,40,2.07,65
2026-03-05 11:10:01,14,41,2.23,65
2026-03-05 11:11:01,27,41,1.95,65
2026-03-05 11:12:01,9,41,1.50,65
2026-03-05 11:13:01,11,41,1.42,65
2026-03-05 11:14:01,13,42,1.58,65
2026-03-05 11:15:01,9,42,1.49,65
2026-03-05 11:16:01,9,43,1.47,65
2026-03-05 11:17:01,16,43,2.29,65
2026-03-05 11:18:01,9,43,1.90,65
2026-03-05 11:19:01,16,43,1.60,65
2026-03-05 11:20:01,21,43,1.72,65
2026-03-05 11:21:01,22,43,1.69,65
2026-03-05 11:22:01,8,43,1.74,65
2026-03-05 11:23:01,16,43,1.40,65
2026-03-05 11:24:01,11,43,1.32,65
2026-03-05 11:25:01,14,43,1.69,65
2026-03-05 11:26:01,15,43,1.69,65
2026-03-05 11:27:01,9,43,1.48,65
2026-03-05 11:28:01,21,43,1.55,65
2026-03-05 11:29:02,10,43,1.52,65
2026-03-05 11:30:01,19,43,1.84,65
2026-03-05 11:31:01,20,44,1.93,65
2026-03-05 11:32:01,9,43,1.41,65
2026-03-05 11:33:01,9,43,1.34,65
2026-03-05 11:34:01,10,43,1.41,65
2026-03-05 11:35:01,10,43,1.35,65
2026-03-05 11:36:01,10,43,2.08,65
2026-03-05 11:37:01,12,43,1.67,65
2026-03-05 11:38:02,10,43,1.72,65
2026-03-05 11:39:01,15,43,1.84,65
2026-03-05 11:40:01,9,44,2.08,65
2026-03-05 11:41:01,9,43,2.04,65
2026-03-05 11:42:01,12,44,1.96,65
2026-03-05 11:43:01,14,44,1.96,65
2026-03-05 11:44:01,20,44,1.62,65
2026-03-05 11:45:01,16,44,1.75,65
2026-03-05 11:46:01,8,44,2.24,65
2026-03-05 11:47:01,8,44,2.32,65
2026-03-05 11:48:01,9,44,2.63,65
2026-03-05 11:49:02,17,44,2.08,65
2026-03-05 11:50:01,17,44,1.66,65
2026-03-05 11:51:01,27,44,2.05,65
2026-03-05 11:52:01,35,44,2.09,65
2026-03-05 11:53:01,20,44,2.10,65
2026-03-05 11:54:01,8,44,1.85,65
2026-03-05 11:55:01,10,44,2.05,65
2026-03-05 11:56:01,17,45,1.81,65
2026-03-05 11:57:01,8,44,1.89,65
2026-03-05 11:58:01,18,44,1.51,65
2026-03-05 11:59:01,17,44,1.41,65
2026-03-05 12:00:02,12,44,1.40,65
2026-03-05 12:01:01,8,44,1.24,65
2026-03-05 12:02:01,9,44,1.59,65
2026-03-05 12:03:01,15,45,2.14,65
2026-03-05 12:04:01,8,44,1.47,65
2026-03-05 12:05:01,14,44,1.74,65
2026-03-05 12:06:01,9,44,1.63,65
2026-03-05 12:07:01,22,45,1.91,65
2026-03-05 12:08:01,19,44,2.10,65
2026-03-05 12:09:01,16,44,2.38,65
2026-03-05 12:10:01,9,44,2.45,65
2026-03-05 12:11:02,20,44,1.92,65
2026-03-05 12:12:01,28,44,1.66,65
2026-03-05 12:13:01,8,45,1.28,65
2026-03-05 12:14:01,8,44,1.65,65
2026-03-05 12:15:01,17,45,1.73,65
2026-03-05 12:16:01,10,45,2.18,65
2026-03-05 12:17:01,10,45,1.99,65
2026-03-05 12:18:01,9,45,1.95,65
2026-03-05 12:19:01,9,45,2.21,65
2026-03-05 12:20:01,13,46,2.46,65
2026-03-05 12:21:01,17,44,1.75,65
2026-03-05 12:22:02,13,44,1.92,65
2026-03-05 12:23:01,15,44,2.43,65
2026-03-05 12:24:01,15,44,2.06,65
2026-03-05 12:25:01,13,44,2.15,65
2026-03-05 12:26:01,18,44,2.11,65
2026-03-05 12:27:01,11,44,2.01,65
2026-03-05 12:28:01,15,44,1.83,65
2026-03-05 12:29:01,21,44,1.70,65
2026-03-05 12:30:01,10,44,2.13,65
2026-03-05 12:31:01,8,44,1.99,65
2026-03-05 12:32:02,8,44,1.87,65
2026-03-05 12:33:01,15,44,1.60,65
2026-03-05 12:34:01,18,44,2.40,65
2026-03-05 12:35:01,14,44,1.96,65
2026-03-05 12:36:01,10,44,2.24,65
2026-03-05 12:37:01,37,45,2.19,65
2026-03-05 12:38:01,26,42,2.75,65
2026-03-05 12:39:01,22,45,2.01,65
2026-03-05 12:40:01,9,45,1.80,65
2026-03-05 12:41:01,12,46,1.66,65
2026-03-05 12:42:01,9,46,1.43,65
2026-03-06 11:25:51,2,45,1.50,65
2026-03-06 11:26:01,19,45,1.35,65
2026-03-06 11:27:01,16,45,1.21,65
2026-03-06 11:28:01,1,45,0.99,65
2026-03-06 11:35:41,5,46,1.63,65
2026-03-06 11:36:01,2,46,1.30,65
2026-03-06 11:37:01,13,45,1.29,65
2026-03-06 11:38:02,7,46,1.30,65
2026-03-06 11:39:01,9,46,1.37,65
2026-03-06 11:40:01,10,48,1.67,65
2026-03-06 11:41:01,17,47,1.30,65
2026-03-06 11:42:01,17,47,1.59,65
2026-03-06 11:43:01,17,47,1.43,65
2026-03-06 11:44:01,10,46,1.36,65
2026-03-06 11:45:01,15,46,1.48,65
2026-03-06 11:46:01,17,42,1.23,65
2026-03-06 11:47:01,7,41,1.35,65
2026-03-06 11:48:01,17,41,1.40,65
2026-03-06 11:49:01,15,42,1.71,65
2026-03-06 11:50:02,1,44,1.10,65
2026-03-06 11:51:01,11,44,1.33,65
2026-03-06 11:52:01,5,44,1.70,65
2026-03-06 11:53:01,21,44,1.27,65
2026-03-06 11:54:01,5,44,1.74,65
2026-03-06 11:55:01,23,44,2.40,65
2026-03-06 11:56:01,28,44,1.54,65
2026-03-06 11:57:01,17,44,1.70,65
2026-03-06 11:58:01,23,46,1.98,65
2026-03-06 11:59:01,1,45,1.34,65
2026-03-06 12:00:02,4,45,0.74,65
2026-03-06 12:01:02,17,45,1.85,65
2026-03-06 12:02:01,17,47,2.21,65
2026-03-06 12:03:01,5,47,1.19,65
2026-03-06 12:04:01,16,47,1.37,65
2026-03-06 12:05:01,10,46,1.48,65
2026-03-06 12:06:01,8,46,2.47,65
2026-03-06 12:07:01,21,46,2.11,65
2026-03-06 12:08:01,17,46,1.55,65
2026-03-06 12:09:01,3,47,1.60,65
2026-03-06 12:10:01,1,46,1.31,65
2026-03-06 12:11:01,1,46,0.66,65
2026-03-06 12:12:01,15,46,0.90,65
2026-03-06 12:13:01,0,46,0.84,65
2026-03-06 12:14:02,0,46,0.30,65
2026-03-06 12:15:01,1,46,0.11,65
2026-03-06 12:16:01,17,47,0.73,65
2026-03-06 12:17:01,3,46,0.91,65
2026-03-06 12:18:01,12,48,1.55,65
2026-03-06 12:19:01,35,47,1.76,65
2026-03-06 12:20:01,28,48,1.76,65
2026-03-06 12:21:01,24,50,2.17,65
2026-03-06 12:22:01,9,47,1.93,65
2026-03-06 12:23:01,19,52,2.29,65
2026-03-06 12:24:01,3,51,1.56,65
2026-03-06 12:25:01,1,50,0.57,65
2026-03-06 12:26:01,1,50,0.36,65
2026-03-06 12:27:01,0,50,0.77,65
2026-03-06 12:28:02,13,51,0.56,65
2026-03-06 12:29:01,7,51,1.17,65
2026-03-06 12:30:01,19,50,1.38,65
2026-03-06 12:31:01,1,50,1.32,65
2026-03-06 13:54:30,5,51,1.04,65
2026-03-06 13:55:01,7,51,1.22,65
2026-03-06 13:56:01,17,52,1.77,65
2026-03-06 13:57:02,7,51,1.56,65
2026-03-06 13:58:01,15,51,1.05,65
2026-03-06 13:59:01,11,48,1.23,65
2026-03-06 14:00:01,1,47,0.54,65
2026-03-06 14:01:01,1,47,0.30,65
2026-03-06 14:02:01,8,47,0.48,65
2026-03-06 14:03:01,14,47,0.67,65
2026-03-06 14:04:01,1,47,0.64,65
2026-03-06 14:05:01,1,47,0.35,65
2026-03-06 14:06:01,13,47,0.26,65
2026-03-06 14:07:01,4,47,0.22,65
2026-03-06 14:08:01,2,47,0.21,65
2026-03-06 14:09:01,2,47,0.48,65
2026-03-06 14:10:02,14,47,0.35,65
2026-03-06 14:11:02,1,47,0.13,65
2026-03-06 14:12:01,1,47,0.04,65
2026-03-06 14:13:01,1,47,0.06,65
2026-03-06 14:14:01,1,47,1.58,65
2026-03-06 14:15:01,0,47,0.58,65
2026-03-06 14:16:01,1,47,0.21,65
2026-03-06 14:17:01,1,47,0.12,65
2026-03-06 14:18:01,0,47,0.04,65
2026-03-06 14:19:01,0,47,0.28,65
2026-03-06 14:20:01,0,47,0.18,65
2026-03-06 14:21:01,1,47,0.11,65
2026-03-06 14:22:01,2,48,0.13,65
2026-03-06 14:23:01,0,48,0.16,65
2026-03-06 14:24:01,0,47,0.14,65
2026-03-06 14:25:01,0,48,0.08,65
2026-03-06 14:26:01,1,48,0.15,65
2026-03-06 14:27:01,1,48,0.18,65
2026-03-06 14:28:01,0,47,0.12,65
2026-03-06 18:53:42,24,49,15.92,65
2026-03-06 18:54:01,24,49,12.42,65
2026-03-06 18:55:02,20,49,5.82,65
2026-03-06 18:56:02,10,51,4.16,66
2026-03-06 18:57:01,10,51,2.63,66
2026-03-06 18:58:01,1,51,1.78,66
2026-03-06 18:59:01,1,51,0.86,66
2026-03-06 19:00:01,1,51,0.41,66
2026-03-06 19:01:01,0,50,0.39,66
2026-03-06 19:02:01,0,51,0.37,66
2026-03-06 19:03:01,10,50,0.42,66
2026-03-06 19:04:01,1,50,0.62,66
2026-03-06 19:05:01,1,50,0.22,66
2026-03-06 19:06:02,1,50,0.11,66
2026-03-06 19:07:01,3,50,0.04,66
2026-03-06 19:08:01,6,50,0.12,66
2026-03-06 19:09:01,6,50,0.04,66
2026-03-06 19:10:01,7,50,0.14,66
2026-03-06 19:11:01,7,50,0.16,66
2026-03-06 19:12:01,7,50,0.24,66
2026-03-06 19:13:01,7,50,0.08,66
2026-03-06 19:14:01,8,51,0.08,66
2026-03-06 19:15:01,7,51,0.14,66
2026-03-06 19:16:01,7,50,0.09,66
2026-03-06 19:17:01,7,50,0.19,66
2026-03-06 19:18:01,7,51,0.17,66
2026-03-06 19:19:01,7,51,0.10,66
2026-03-06 19:20:01,7,51,0.04,66
2026-03-06 19:21:01,7,51,0.01,66
2026-03-06 19:22:01,8,51,0.10,66
2026-03-06 19:23:01,6,51,0.12,66
2026-03-06 19:24:01,5,51,0.11,66
2026-03-06 19:25:01,4,50,0.17,66
2026-03-06 19:26:01,2,51,0.06,66
2026-03-06 19:27:01,1,50,0.05,66
2026-03-06 19:28:02,1,51,0.02,66
2026-03-06 19:29:01,1,51,0.21,66
2026-03-06 19:30:01,1,51,0.22,66
2026-03-06 19:31:01,1,51,0.13,66
2026-03-06 19:32:01,0,51,0.20,66
2026-03-06 19:33:01,1,51,0.12,66
2026-03-06 19:34:01,0,51,0.30,66
2026-03-06 19:35:01,1,51,0.17,66
2026-03-06 19:36:01,2,51,0.09,66
2026-03-06 19:37:01,0,51,0.12,66
2026-03-06 19:38:01,0,51,0.11,66
2026-03-06 19:39:01,1,51,0.07,66
2026-03-06 19:40:01,1,51,0.09,66
2026-03-06 19:41:01,2,51,0.11,66
2026-03-06 19:42:01,0,51,0.12,66
2026-03-06 19:43:01,11,52,0.35,66
2026-03-06 19:44:01,10,52,0.89,66
2026-03-06 19:45:02,9,52,1.69,66
2026-03-06 19:46:01,12,52,1.65,66
2026-03-06 19:47:01,10,52,1.60,66
2026-03-06 19:48:01,9,52,1.63,66
2026-03-06 19:49:01,8,52,1.41,66
2026-03-06 19:50:01,9,52,1.56,66
2026-03-06 19:51:01,11,52,1.30,66
2026-03-06 19:52:01,11,52,1.53,66
2026-03-06 19:53:01,9,52,1.41,66
2026-03-06 19:54:01,11,52,1.43,66
2026-03-06 19:55:01,10,52,1.38,66
2026-03-06 19:56:01,9,52,1.69,66
2026-03-06 19:57:01,9,52,1.68,66
2026-03-06 19:58:01,9,52,1.46,66
2026-03-06 19:59:01,9,52,1.66,66
2026-03-06 20:00:01,10,52,1.47,66
2026-03-06 20:01:01,9,52,1.75,66
2026-03-06 20:02:01,9,52,1.62,66
2026-03-06 20:03:01,9,52,1.66,66
2026-03-06 20:04:01,10,52,2.02,66
2026-03-06 20:05:02,9,52,1.68,66
2026-03-06 20:06:01,10,52,1.73,66
2026-03-06 20:07:01,10,52,1.34,66
2026-03-06 20:08:01,9,52,1.49,66
2026-03-06 20:09:01,10,52,1.59,66
2026-03-06 20:10:01,8,52,1.65,66
2026-03-06 20:11:01,8,52,1.42,66
2026-03-06 20:12:01,9,52,1.35,66
2026-03-06 20:13:01,8,52,1.44,66
2026-03-06 20:14:01,9,52,1.29,66
2026-03-06 20:15:01,10,52,1.52,66
2026-03-06 20:16:02,8,52,1.48,66
2026-03-06 20:17:01,9,52,1.48,66
2026-03-06 20:18:01,9,52,1.74,66
2026-03-06 20:19:01,10,52,1.41,66
2026-03-06 20:20:01,9,52,1.43,66
2026-03-06 20:21:01,9,52,1.55,66
2026-03-06 20:22:01,9,52,1.64,66
2026-03-06 20:23:01,9,52,1.65,66
2026-03-06 20:24:01,10,52,1.27,66
2026-03-06 20:25:02,9,52,1.20,66
2026-03-06 20:26:01,9,52,1.15,66
2026-03-06 20:27:01,10,52,1.34,66
2026-03-06 20:28:01,11,52,1.26,66
2026-03-06 20:29:01,10,52,1.37,66
2026-03-06 20:30:01,8,52,1.43,66
2026-03-06 20:31:01,8,52,1.46,66
2026-03-06 20:32:01,10,52,1.50,66
2026-03-06 20:33:01,10,53,1.39,66
2026-03-06 20:34:01,9,53,1.35,66
2026-03-06 20:35:01,10,53,1.41,66
2026-03-06 20:36:01,9,53,1.22,66
2026-03-06 20:37:02,9,53,1.79,66
2026-03-06 20:38:01,8,52,1.76,66
2026-03-06 20:39:01,9,51,1.54,66
2026-03-06 20:40:01,8,51,1.58,66
2026-03-06 20:41:01,9,51,1.41,66
2026-03-06 20:42:01,9,51,1.65,66
2026-03-06 20:43:01,9,51,1.73,66
2026-03-06 20:44:01,9,51,1.62,66
2026-03-06 20:45:01,1,47,0.93,65
2026-03-06 20:46:01,0,47,0.37,65
2026-03-06 20:47:01,0,47,0.13,65
2026-03-06 20:48:01,1,47,0.12,65
2026-03-06 20:49:01,0,47,0.17,65
2026-03-06 20:50:02,1,47,0.06,65
2026-03-06 20:51:01,1,47,0.06,65
2026-03-06 20:52:01,0,47,0.02,65
2026-03-06 20:53:01,1,47,0.01,65
2026-03-06 20:54:01,3,47,0.17,65
2026-03-06 20:55:01,2,47,0.10,65
2026-03-06 20:56:01,1,47,0.04,65
2026-03-06 20:57:01,0,48,0.01,65
2026-03-06 20:58:01,2,47,0.00,65
2026-03-06 20:59:01,1,47,0.21,65
2026-03-06 21:00:01,1,47,0.47,65
2026-03-06 21:01:01,1,48,0.62,65
2026-03-06 21:02:01,1,48,0.22,65
2026-03-06 21:03:01,1,48,0.24,65
2026-03-06 21:04:01,1,48,0.16,65
2026-03-06 21:05:01,1,48,0.06,65
2026-03-06 21:06:01,1,48,0.02,65
2026-03-06 21:07:01,1,48,0.00,65
2026-03-06 21:08:01,2,48,0.00,65
2026-03-06 21:09:02,1,48,0.39,65
2026-03-06 21:10:01,1,48,0.20,65
2026-03-06 21:11:01,1,48,0.27,65
2026-03-06 21:12:01,2,48,0.19,65
2026-03-06 21:13:01,1,48,0.19,65
2026-03-06 21:14:01,1,48,0.16,65
2026-03-06 21:15:01,1,48,0.20,65
2026-03-06 21:16:01,2,48,0.25,65
2026-03-06 21:17:01,1,48,0.24,65
2026-03-06 21:18:01,1,48,0.22,65
2026-03-06 21:19:01,1,48,0.86,65
2026-03-06 21:20:01,1,48,0.31,65
2026-03-06 21:21:01,1,48,0.19,65
2026-03-06 21:22:01,1,48,0.12,65
2026-03-06 21:23:01,1,48,0.20,65
2026-03-06 21:24:01,1,48,0.13,65
2026-03-06 21:25:01,1,48,0.08,65
2026-03-06 21:26:01,1,48,0.03,65
2026-03-06 21:27:01,1,48,0.01,65
2026-03-06 21:28:01,1,48,0.00,65
2026-03-06 21:29:01,1,48,0.03,65
2026-03-06 21:30:02,1,48,0.10,65
2026-03-06 21:31:01,1,48,0.19,65
2026-03-06 21:32:01,1,48,0.20,65
2026-03-06 21:33:01,1,48,0.07,65
2026-03-06 21:34:01,2,48,0.18,65
2026-03-06 21:35:01,1,48,0.22,65
2026-03-06 21:36:01,1,48,0.26,65
2026-03-06 21:37:01,2,48,0.88,65
2026-03-06 21:38:01,1,48,0.46,65
2026-03-06 21:39:01,1,48,0.17,65
2026-03-06 21:40:01,1,48,0.06,65
2026-03-06 21:41:01,1,48,0.13,65
2026-03-06 21:42:01,1,48,0.13,65
2026-03-06 21:43:01,1,48,0.04,65
2026-03-06 21:44:01,1,48,0.01,65
2026-03-06 21:45:01,1,48,0.09,65
2026-03-06 21:46:01,1,48,0.03,65
2026-03-06 21:47:01,1,48,0.01,65
2026-03-06 21:48:02,2,48,0.08,65
2026-03-06 21:49:01,1,48,0.15,65
2026-03-06 21:50:01,1,48,0.12,65
2026-03-06 21:51:01,1,48,0.04,65
2026-03-06 21:52:01,1,49,0.24,65
2026-03-06 21:53:01,1,48,0.15,65
2026-03-06 21:54:01,1,48,0.27,65
2026-03-06 21:55:01,1,48,1.02,65
2026-03-06 21:56:01,2,48,0.53,65
2026-03-06 21:57:01,1,48,0.19,65
2026-03-06 21:58:01,1,48,0.10,65
2026-03-06 21:59:01,1,48,0.07,65
2026-03-06 22:00:01,1,48,0.02,65
2026-03-06 22:01:01,1,48,0.01,65
2026-03-06 22:02:01,1,48,0.07,65
2026-03-06 22:03:01,1,48,0.09,65
2026-03-06 22:04:01,2,48,0.40,65
2026-03-06 22:05:01,1,48,0.27,65
2026-03-06 22:06:02,1,48,0.10,65
2026-03-06 22:07:01,1,48,0.09,65
2026-03-06 22:08:01,1,48,0.03,65
2026-03-06 22:09:01,2,49,0.11,65
2026-03-06 22:10:01,1,48,0.11,65
2026-03-06 22:11:01,1,48,0.08,65
2026-03-06 22:12:01,1,48,0.03,65
2026-03-06 22:13:01,1,48,0.68,65
2026-03-06 22:14:01,2,48,0.36,65
2026-03-06 22:15:01,1,48,0.13,65
2026-03-06 22:16:01,1,49,0.08,65
2026-03-06 22:17:01,1,49,0.08,65
2026-03-06 22:18:01,2,47,0.13,65
2026-03-06 22:19:01,2,47,0.11,65
2026-03-06 22:20:01,1,47,0.13,65
2026-03-06 22:21:01,0,47,0.15,65
2026-03-06 22:22:01,1,47,0.17,65
2026-03-06 22:23:01,1,47,0.06,65
2026-03-06 22:24:01,1,48,0.02,65
2026-03-06 22:25:01,1,48,0.01,65
2026-03-06 22:26:01,2,48,0.00,65
2026-03-06 22:27:01,1,48,0.00,65
2026-03-06 22:28:02,2,47,0.00,65
2026-03-06 22:29:01,1,47,0.00,65
2026-03-06 22:30:01,1,47,0.00,65
2026-03-06 22:31:01,2,47,0.28,65
2026-03-06 22:32:01,1,47,0.60,65
2026-03-06 22:33:01,1,48,0.37,65
2026-03-06 22:34:01,1,47,0.17,65
2026-03-06 22:35:01,2,47,0.06,65
2026-03-06 22:36:01,2,47,0.02,65
2026-03-06 22:37:01,1,47,0.05,65
2026-03-06 22:38:01,1,47,0.10,65
2026-03-06 22:39:01,1,47,0.25,65
2026-03-06 22:40:01,1,47,0.09,65
2026-03-06 22:41:01,1,47,0.03,65
2026-03-06 22:42:01,1,47,0.01,65
2026-03-06 22:43:01,1,47,0.00,65
2026-03-06 22:44:01,1,47,0.07,65
2026-03-06 22:45:01,1,47,0.02,65
2026-03-06 22:46:02,1,47,0.27,65
2026-03-06 22:47:01,1,47,0.17,65
2026-03-06 22:48:01,2,47,0.10,65
2026-03-06 22:49:01,2,47,0.04,65
2026-03-06 22:50:01,1,48,0.44,65
2026-03-06 22:51:01,1,47,0.41,65
2026-03-06 22:52:01,2,48,0.27,65
2026-03-06 22:53:01,2,47,0.10,65
2026-03-06 22:54:01,2,47,0.32,65
2026-03-06 22:55:01,1,48,0.12,65
2026-03-06 22:56:01,1,48,0.12,65
2026-03-06 22:57:01,1,48,0.11,65
2026-03-06 22:58:01,1,48,0.17,65
2026-03-06 22:59:01,1,48,0.06,65
2026-03-06 23:00:01,1,48,0.06,65
2026-03-06 23:01:01,1,48,0.02,65
2026-03-06 23:02:01,2,48,0.06,65
2026-03-06 23:03:01,1,48,0.06,65
2026-03-06 23:04:01,1,48,0.08,65
2026-03-06 23:05:02,1,48,0.08,65
2026-03-06 23:06:01,1,48,0.14,65
2026-03-06 23:07:01,1,48,0.09,65
2026-03-06 23:08:01,8,48,0.53,65
2026-03-06 23:09:01,8,48,1.02,65
2026-03-06 23:10:01,9,47,1.35,65
2026-03-06 23:11:01,8,47,1.34,65
2026-03-06 23:12:01,8,47,1.55,65
2026-03-06 23:13:01,8,47,1.34,65
2026-03-06 23:14:01,21,48,1.78,65
2026-03-06 23:15:01,9,48,1.40,65
2026-03-06 23:16:01,8,48,1.38,65
2026-03-06 23:17:02,8,48,1.33,65
2026-03-06 23:18:01,7,48,1.50,65
2026-03-06 23:19:01,7,48,1.38,65
2026-03-06 23:20:01,8,48,1.32,65
2026-03-06 23:21:01,7,48,1.52,65
2026-03-06 23:22:01,8,48,1.45,65
2026-03-06 23:23:01,8,48,1.73,65
2026-03-06 23:24:01,8,48,1.29,65
2026-03-06 23:25:01,2,48,0.70,65
2026-03-06 23:26:01,2,48,0.50,65
2026-03-06 23:27:01,10,49,0.85,65
2026-03-06 23:28:01,9,49,1.48,65
2026-03-06 23:29:01,8,49,1.63,65
2026-03-06 23:30:01,8,49,1.31,65
2026-03-06 23:31:02,9,49,1.76,65
2026-03-06 23:32:01,8,49,1.62,65
2026-03-06 23:33:01,1,49,1.42,65
2026-03-06 23:34:01,0,49,0.78,65
2026-03-06 23:35:01,40,45,0.57,65
2026-03-06 23:36:01,22,44,2.03,65
2026-03-06 23:37:01,22,45,2.11,65
2026-03-06 23:38:01,40,46,2.50,65
2026-03-06 23:39:01,18,45,3.90,65
2026-03-06 23:40:01,21,45,2.73,65
2026-03-06 23:41:01,26,45,3.32,65
2026-03-06 23:42:01,24,52,3.09,65
2026-03-06 23:43:02,18,51,2.51,65
2026-03-06 23:44:01,12,50,1.83,65
2026-03-06 23:45:01,16,50,1.85,65
2026-03-06 23:46:01,21,51,1.90,65
2026-03-06 23:47:01,23,51,2.19,65
2026-03-06 23:48:01,21,51,2.18,65
2026-03-06 23:49:01,11,50,1.68,65
2026-03-06 23:50:01,19,50,1.90,65
2026-03-06 23:51:01,11,50,1.74,65
2026-03-06 23:52:01,15,50,2.30,65
2026-03-06 23:53:02,15,50,1.97,65
2026-03-06 23:54:01,23,52,2.27,65
2026-03-06 23:55:01,18,53,2.80,65
2026-03-06 23:56:01,21,53,2.55,65
2026-03-06 23:57:01,20,51,1.82,65
2026-03-06 23:58:01,18,53,1.94,65
2026-03-06 23:59:01,21,52,2.28,65
2026-03-07 00:00:01,21,59,3.51,65
2026-03-07 00:01:01,13,66,3.23,65
2026-03-07 00:02:01,28,66,2.67,65
2026-03-07 00:03:01,17,66,1.80,65
2026-03-07 00:04:01,16,64,2.70,65
2026-03-07 00:05:01,18,67,2.55,65
2026-03-07 00:06:02,15,66,2.29,65
2026-03-07 00:07:01,15,66,2.84,65
2026-03-07 00:08:01,24,68,3.48,65
2026-03-07 00:09:01,20,67,3.68,65
2026-03-07 00:10:01,15,67,3.63,65
2026-03-07 00:11:01,41,67,2.78,65
2026-03-07 00:12:01,28,68,2.56,65
2026-03-07 00:13:01,20,68,2.82,65
2026-03-07 00:14:01,20,68,3.16,65
2026-03-07 00:15:01,18,67,1.93,65
2026-03-07 00:16:01,16,67,2.36,65
2026-03-07 00:17:01,11,67,1.62,65
2026-03-07 00:18:01,12,67,1.64,65
2026-03-07 00:19:02,11,66,1.63,65
2026-03-07 00:20:01,11,66,1.37,65
2026-03-07 00:21:01,11,65,1.68,65
2026-03-07 00:22:01,19,62,2.18,65
2026-03-07 00:23:01,25,63,1.62,65
2026-03-07 00:24:01,18,65,2.59,65
2026-03-07 00:25:01,12,66,3.88,65
2026-03-07 00:26:01,12,67,2.92,65
2026-03-07 00:27:01,12,67,2.39,65
2026-03-07 00:28:01,14,67,2.20,65
2026-03-07 00:29:01,16,67,2.24,65
2026-03-07 00:30:01,10,66,2.31,65
2026-03-07 00:31:01,27,67,1.54,65
2026-03-07 00:32:02,20,68,1.87,65
2026-03-07 00:33:01,11,68,1.81,65
2026-03-07 00:34:01,14,67,2.09,65
2026-03-07 00:35:01,11,67,1.88,65
2026-03-07 00:36:01,9,67,1.63,65
2026-03-07 00:37:01,24,68,1.54,65
2026-03-07 00:38:01,2,67,1.52,65
2026-03-07 00:39:01,2,67,0.70,65
2026-03-07 00:40:01,21,68,2.19,65
2026-03-07 00:41:01,10,66,1.89,65
2026-03-07 00:42:01,8,67,1.68,65
2026-03-07 00:43:01,18,67,1.67,65
2026-03-07 00:44:01,9,67,1.51,65
2026-03-07 00:45:02,9,67,1.67,65
2026-03-07 00:46:01,9,67,1.48,65
2026-03-07 00:47:01,8,66,1.39,65
2026-03-07 00:48:01,8,66,1.45,65
2026-03-07 00:49:01,9,66,1.43,65
2026-03-07 00:50:01,8,66,1.47,65
2026-03-07 00:51:01,18,66,1.65,65
2026-03-07 00:52:01,9,66,1.56,65
2026-03-07 00:53:01,8,66,2.03,65
2026-03-07 00:54:02,22,66,1.94,65
2026-03-07 00:55:01,39,66,2.34,65
2026-03-07 00:56:01,7,65,1.85,65
2026-03-07 00:57:01,16,65,1.05,65
2026-03-07 00:58:01,5,65,0.75,65
2026-03-07 00:59:01,1,65,0.53,65
2026-03-07 01:00:01,2,65,0.23,65
2026-03-07 01:01:01,3,64,0.32,65
2026-03-07 01:02:01,1,64,0.11,65
2026-03-07 01:03:01,1,64,0.04,65
2026-03-07 01:04:01,3,64,0.16,65
2026-03-07 01:05:01,11,64,0.10,65
2026-03-07 01:06:01,0,65,0.08,65
2026-03-07 01:07:01,1,65,0.03,65
2026-03-07 01:08:01,1,65,0.11,65
2026-03-07 01:09:01,35,65,0.15,65
2026-03-07 01:10:02,5,66,0.54,65
2026-03-07 01:11:01,8,66,1.07,65
2026-03-07 01:12:01,1,66,0.91,65
2026-03-07 01:13:01,1,66,0.33,65
2026-03-07 01:14:01,1,66,0.19,65
2026-03-07 01:15:01,1,66,0.24,65
2026-03-07 01:16:01,7,66,0.22,65
2026-03-07 01:17:01,5,66,0.30,65
2026-03-07 01:18:01,3,66,0.72,65
2026-03-07 01:19:01,6,66,0.91,65
2026-03-07 01:20:01,4,66,0.66,65
2026-03-07 01:21:01,6,67,0.36,65
2026-03-07 01:22:01,4,67,0.92,65
2026-03-07 01:23:01,3,67,1.02,65
2026-03-07 01:24:01,3,67,1.08,65
2026-03-07 01:25:02,3,67,0.95,65
2026-03-07 01:26:01,4,67,1.02,65
2026-03-07 01:27:01,3,67,0.50,65
2026-03-07 01:28:01,3,65,0.78,65
2026-03-07 01:29:01,5,66,1.27,65
2026-03-07 01:30:01,21,66,1.29,65
2026-03-07 01:31:01,9,65,1.95,65
2026-03-07 01:32:01,20,63,2.63,65
2026-03-07 01:33:01,27,64,2.66,65
2026-03-07 01:34:01,21,63,3.21,65
2026-03-07 01:35:01,17,64,2.51,65
2026-03-07 01:36:01,20,64,2.81,65
2026-03-07 01:37:01,12,64,3.54,65
2026-03-07 01:38:02,15,64,2.47,65
2026-03-07 01:39:01,22,65,2.68,65
2026-03-07 01:40:01,22,64,2.20,65
2026-03-07 01:41:01,18,65,2.14,65
2026-03-07 01:42:01,12,65,2.18,65
2026-03-07 01:43:01,19,65,2.55,65
2026-03-07 01:44:01,38,66,2.08,65
2026-03-07 01:45:01,21,65,3.27,65
2026-03-07 01:46:01,13,66,2.54,65
2026-03-07 01:47:01,8,66,2.33,65
2026-03-07 01:48:01,13,65,1.54,65
2026-03-07 01:49:01,12,65,1.65,65
2026-03-07 01:50:02,23,68,2.15,65
2026-03-07 01:51:01,12,68,2.13,65
2026-03-07 01:52:01,13,68,1.77,65
2026-03-07 01:53:01,39,68,1.45,65
2026-03-07 01:54:01,6,67,1.26,65
2026-03-07 01:55:01,16,69,1.42,65
2026-03-07 01:56:01,15,67,1.65,65
2026-03-07 01:57:01,24,67,1.93,65
2026-03-07 01:58:01,43,67,2.44,65
2026-03-07 01:59:01,18,68,2.79,65
2026-03-07 02:00:01,16,68,3.08,65
2026-03-07 02:01:01,15,68,2.77,65
2026-03-07 02:02:02,14,68,1.99,65
2026-03-07 02:03:01,13,60,1.99,65
2026-03-07 02:04:01,15,59,1.90,65
2026-03-07 02:05:01,21,59,1.77,65
2026-03-07 02:06:01,12,59,1.88,65
2026-03-07 02:07:01,18,59,1.98,65
2026-03-07 02:08:01,41,62,2.00,65
2026-03-07 02:09:01,14,61,1.74,65
2026-03-07 02:10:01,35,61,2.21,65
2026-03-07 02:11:01,10,61,3.28,65
2026-03-07 02:12:01,12,61,2.00,65
2026-03-07 02:13:01,12,61,1.89,65
2026-03-07 02:14:02,10,62,1.95,65
2026-03-07 02:15:01,14,62,2.33,65
2026-03-07 02:16:01,9,62,1.96,65
2026-03-07 02:17:01,17,62,1.78,65
2026-03-07 02:18:01,27,62,2.81,65
2026-03-07 02:19:01,41,62,2.90,65
2026-03-07 02:20:01,33,63,2.52,65
2026-03-07 02:21:01,22,62,3.04,65
2026-03-07 02:22:01,35,63,3.36,65
2026-03-07 02:23:01,22,63,2.27,65
2026-03-07 02:24:01,20,63,2.55,65
2026-03-07 02:25:01,23,63,2.69,65
2026-03-07 02:26:02,22,64,2.19,65
2026-03-07 02:27:01,9,63,2.46,65
2026-03-07 02:28:01,9,63,1.93,65
2026-03-07 02:29:01,8,63,1.57,65
2026-03-07 02:30:01,9,63,1.44,65
2026-03-07 02:31:01,22,63,1.27,65
2026-03-07 02:32:01,20,64,2.26,65
2026-03-07 02:33:01,20,64,2.05,65
2026-03-07 02:34:01,20,64,2.50,65
2026-03-07 02:35:01,1,64,1.36,65
2026-03-07 02:36:01,1,64,0.80,65
2026-03-07 02:37:01,1,64,0.37,65
2026-03-07 02:38:01,2,64,0.17,65
2026-03-07 02:39:01,1,65,0.21,65
2026-03-07 02:40:01,1,64,0.27,65
2026-03-07 02:41:02,1,64,0.10,65
2026-03-07 02:42:01,1,63,0.21,65
2026-03-07 02:43:01,1,63,0.23,65
2026-03-07 02:44:01,0,63,0.22,65
2026-03-07 02:45:01,1,63,0.63,65
2026-03-07 02:46:01,2,63,0.66,65
2026-03-07 02:47:01,2,63,0.33,65
2026-03-07 02:48:01,2,63,0.12,65
2026-03-07 02:49:01,1,63,0.04,65
2026-03-07 02:50:01,2,64,0.01,65
2026-03-07 02:51:01,2,64,0.25,65
2026-03-07 02:52:01,2,64,0.24,65
2026-03-07 02:53:01,2,64,0.12,65
2026-03-07 02:54:01,1,64,0.16,65
2026-03-07 02:55:01,2,64,0.13,65
2026-03-07 02:56:01,2,64,0.32,65
2026-03-07 02:57:01,1,65,0.33,65
2026-03-07 02:58:01,1,64,0.26,65
2026-03-07 02:59:02,1,64,0.26,65
2026-03-07 03:00:01,1,64,0.35,65
2026-03-07 03:01:01,1,64,0.37,65
2026-03-07 03:02:01,1,64,0.36,65
2026-03-07 03:03:01,3,64,0.53,65
2026-03-07 03:04:01,1,64,1.01,65
2026-03-07 03:05:01,2,64,0.47,65
2026-03-07 03:06:01,2,65,0.25,65
2026-03-07 03:07:01,2,65,0.09,65
2026-03-07 03:08:01,1,65,0.15,65
2026-03-07 03:09:01,1,65,0.18,65
2026-03-07 03:10:01,1,65,0.13,65
2026-03-07 03:11:01,1,65,0.05,65
2026-03-07 03:12:01,2,65,0.05,65
2026-03-07 03:13:01,2,65,0.17,65
2026-03-07 03:14:01,3,65,0.13,65
2026-03-07 03:15:01,1,66,0.15,65
2026-03-07 03:16:02,1,65,0.14,65
2026-03-07 03:17:01,1,65,0.05,65
2026-03-07 03:18:01,2,65,0.02,65
2026-03-07 03:19:01,1,65,0.06,65
2026-03-07 03:20:01,2,65,0.34,65
2026-03-07 03:21:01,2,65,0.12,65
2026-03-07 03:22:01,1,65,0.43,65
2026-03-07 03:23:01,1,65,0.66,65
2026-03-07 03:24:01,2,65,0.24,65
2026-03-07 03:25:01,3,65,0.14,65
2026-03-07 03:26:01,1,66,0.26,65
2026-03-07 03:27:01,1,65,0.17,65
2026-03-07 03:28:01,1,66,0.10,65
2026-03-07 03:29:01,2,65,0.17,65
2026-03-07 03:30:01,2,66,0.10,65
2026-03-07 03:31:01,2,65,0.14,65
2026-03-07 03:32:02,1,65,0.27,65
2026-03-07 03:33:01,3,65,0.10,65
2026-03-07 03:34:01,2,66,0.22,65
2026-03-07 03:35:01,1,66,0.20,65
2026-03-07 03:36:01,1,66,0.14,65
2026-03-07 03:37:01,1,66,0.09,65
2026-03-07 03:38:01,2,66,0.09,65
2026-03-07 03:39:01,2,66,0.21,65
2026-03-07 03:40:01,1,66,0.12,65
2026-03-07 03:41:01,1,66,0.22,65
2026-03-07 03:42:01,2,67,0.65,65
2026-03-07 03:43:01,2,67,0.34,65
2026-03-07 03:44:01,2,67,0.18,65
2026-03-07 03:45:01,1,67,0.10,65
2026-03-07 03:46:01,1,67,0.11,65
2026-03-07 03:47:02,2,67,0.11,65
2026-03-07 03:48:01,2,66,0.04,65
2026-03-07 03:49:01,1,66,0.13,65
2026-03-07 03:50:01,2,67,0.05,65
2026-03-07 03:51:01,1,67,0.21,65
2026-03-07 03:52:01,3,67,0.14,65
2026-03-07 03:53:01,2,67,0.10,65
2026-03-07 03:54:01,1,67,0.03,65
2026-03-07 03:55:01,1,67,0.05,65
2026-03-07 03:56:01,2,67,0.06,65
2026-03-07 03:57:01,2,68,0.14,65
2026-03-07 03:58:01,1,68,0.13,65
2026-03-07 03:59:01,1,68,0.08,65
2026-03-07 04:00:01,2,68,0.78,65
2026-03-07 04:01:01,1,67,0.35,65
2026-03-07 04:02:02,1,67,0.40,65
2026-03-07 04:03:01,12,67,0.18,65
2026-03-07 04:04:01,3,68,0.14,65
2026-03-07 04:05:01,2,68,0.05,65
2026-03-07 04:06:01,2,68,0.02,65
2026-03-07 04:07:01,2,68,0.08,65
2026-03-07 04:08:01,1,69,0.07,65
2026-03-07 04:09:01,2,69,0.14,65
2026-03-07 04:10:01,1,69,0.09,65
2026-03-07 04:11:01,1,69,0.08,65
2026-03-07 04:12:01,1,69,0.19,65
2026-03-07 04:13:01,1,69,0.12,65
2026-03-07 04:14:01,1,69,0.09,65
2026-03-07 04:15:01,3,69,0.16,65
2026-03-07 04:16:01,1,68,0.15,65
2026-03-07 04:17:02,2,69,0.28,65
2026-03-07 04:18:01,1,69,0.23,65
2026-03-07 04:19:01,1,69,0.18,65
2026-03-07 04:20:01,2,69,0.64,65
2026-03-07 04:21:01,1,69,0.30,65
2026-03-07 04:22:01,1,69,0.29,65
2026-03-07 04:23:01,2,69,0.49,65
2026-03-07 04:24:01,2,69,0.35,65
2026-03-07 04:25:01,1,70,0.13,65
2026-03-07 04:26:01,1,69,0.05,65
2026-03-07 04:27:01,1,69,0.02,65
2026-03-07 04:28:01,1,69,0.10,65
2026-03-07 04:29:01,2,69,0.18,65
2026-03-07 04:30:01,4,69,0.06,65
2026-03-07 04:31:01,3,69,0.13,65
2026-03-07 04:32:01,3,69,0.09,65
2026-03-07 04:33:01,1,69,0.10,65
2026-03-07 04:34:02,1,69,0.11,65
2026-03-07 04:35:01,2,69,0.12,65
2026-03-07 04:36:01,1,69,0.08,65
2026-03-07 04:37:01,1,69,0.15,65
2026-03-07 04:38:01,1,70,0.18,65
2026-03-07 04:39:01,1,70,0.77,65
2026-03-07 04:40:01,2,69,0.39,65
2026-03-07 04:41:01,2,69,0.29,65
2026-03-07 04:42:01,1,69,0.22,65
2026-03-07 04:43:01,1,70,0.18,65
2026-03-07 04:44:01,2,69,0.11,65
2026-03-07 04:45:01,2,70,0.04,65
2026-03-07 04:46:01,2,69,0.01,65
2026-03-07 04:47:01,1,69,0.13,65
2026-03-07 04:48:01,1,69,0.26,65
2026-03-07 04:49:01,1,69,0.12,65
2026-03-07 16:09:27,15,69,1.65,65
2026-03-07 16:10:01,33,63,2.44,65
2026-03-07 16:11:01,8,63,3.28,65
2026-03-07 16:12:01,18,63,2.03,65
2026-03-07 16:13:01,8,63,1.38,65
2026-03-07 16:14:01,8,63,1.41,65
2026-03-07 16:15:01,8,63,1.27,65
2026-03-07 16:16:01,8,63,1.24,65
2026-03-07 16:17:01,9,63,1.12,65
2026-03-07 16:18:01,18,62,1.44,65
2026-03-07 16:19:01,33,57,1.66,65
2026-03-07 16:20:01,17,57,2.23,65
2026-03-07 16:21:02,8,57,1.74,65
2026-03-07 16:22:01,9,57,1.39,65
2026-03-07 16:23:01,15,57,1.58,65
2026-03-07 16:24:01,15,57,2.31,65
2026-03-07 16:25:01,17,57,3.30,65
2026-03-07 16:26:01,8,56,2.09,65
2026-03-07 16:27:01,8,56,1.62,65
2026-03-07 16:28:01,9,56,1.49,65
2026-03-07 16:29:01,8,56,1.18,65
2026-03-07 16:30:01,8,56,1.30,65
2026-03-07 16:31:01,16,57,1.82,65
2026-03-07 16:32:01,15,57,1.82,65
2026-03-07 16:33:01,17,57,2.25,65
2026-03-07 16:34:01,15,57,2.34,65
2026-03-07 16:35:01,28,57,2.84,65
2026-03-07 16:36:01,10,58,2.33,65
2026-03-07 16:37:01,31,62,3.00,65
2026-03-07 16:38:01,12,61,2.40,65
2026-03-07 16:39:01,22,61,2.01,65
2026-03-07 16:40:01,16,61,1.93,65
2026-03-07 16:41:01,13,61,1.74,65
2026-03-07 16:42:01,12,61,2.07,65
2026-03-07 16:43:01,13,61,1.93,65
2026-03-07 16:44:02,54,68,2.79,65
2026-03-07 16:45:01,16,67,3.95,65
2026-03-07 16:46:02,21,68,2.63,65
2026-03-07 16:47:01,24,68,2.84,65
2026-03-07 16:48:01,24,68,2.95,65
2026-03-07 16:49:01,24,69,2.95,65
2026-03-07 16:50:01,23,70,3.56,65
2026-03-07 16:51:01,21,69,2.75,65
2026-03-07 16:52:01,17,69,2.19,65
2026-03-07 16:53:01,17,71,2.20,65
2026-03-07 16:54:01,37,73,3.07,65
2026-03-07 16:55:01,34,74,3.14,65
2026-03-07 16:56:01,24,75,3.81,65
2026-03-07 16:57:01,13,74,3.03,65
2026-03-07 16:58:01,29,74,3.81,65
2026-03-07 16:59:01,23,73,3.24,65
2026-03-07 17:00:01,52,75,2.94,65
2026-03-07 17:01:01,19,74,2.73,65
2026-03-07 17:02:02,8,74,2.43,65
2026-03-07 17:03:01,20,74,2.38,65
2026-03-07 17:04:01,36,73,3.07,65
2026-03-07 17:05:01,10,74,2.87,65
2026-03-07 17:06:01,23,73,2.56,65
2026-03-07 17:07:01,36,73,2.25,65
2026-03-07 17:08:01,8,73,1.83,65
2026-03-07 17:09:01,16,74,1.95,65
2026-03-07 17:10:01,11,75,2.28,65
2026-03-07 17:11:01,19,74,2.28,65
2026-03-07 17:12:01,15,74,2.06,65
2026-03-07 17:13:01,10,74,1.92,65
2026-03-07 17:14:01,16,74,3.60,65
2026-03-07 17:15:02,13,74,2.74,65
2026-03-07 17:16:01,14,74,2.34,65
2026-03-07 17:17:01,6,75,2.05,65
2026-03-07 17:18:01,13,75,1.75,65
2026-03-07 17:19:01,16,74,1.74,65
2026-03-07 17:20:01,4,73,1.06,65
2026-03-07 17:21:01,5,73,0.50,65
2026-03-07 17:22:01,4,73,0.58,65
2026-03-07 17:23:01,13,55,1.38,65
2026-03-07 17:24:01,14,54,1.97,65
2026-03-07 17:25:01,19,54,2.29,65
2026-03-07 17:26:01,16,54,1.90,65
2026-03-07 17:27:01,23,54,2.45,65
2026-03-07 17:28:02,35,55,2.43,65
2026-03-07 17:29:01,18,54,2.01,65
2026-03-07 17:30:01,18,54,2.29,65
2026-03-07 17:31:01,19,54,1.72,65
2026-03-07 17:32:01,18,54,2.02,65
2026-03-07 17:33:01,20,55,2.20,65
2026-03-07 17:34:01,15,54,1.72,65
2026-03-07 17:35:01,10,54,1.73,65
2026-03-07 17:36:01,10,55,1.43,65
2026-03-07 17:37:01,19,55,1.92,65
2026-03-07 17:38:01,17,55,1.92,65
2026-03-07 17:39:01,19,55,2.01,65
2026-03-07 17:40:01,19,55,1.93,65
2026-03-07 17:41:01,20,57,1.94,65
2026-03-07 17:42:02,10,56,1.96,65
2026-03-07 17:43:01,4,56,1.21,65
2026-03-07 17:44:01,1,56,0.56,65
2026-03-07 17:45:01,2,56,1.03,65
2026-03-07 17:46:01,2,56,0.51,65
2026-03-07 17:47:01,1,56,0.24,65
2026-03-07 17:48:01,2,56,0.15,65
2026-03-07 17:49:01,1,56,0.14,65
2026-03-07 17:50:01,2,56,0.46,65
2026-03-07 17:51:01,2,56,0.26,65
2026-03-07 17:52:01,2,56,0.10,65
2026-03-07 17:53:01,1,57,0.09,65
2026-03-07 17:54:01,1,57,0.07,65
2026-03-07 17:55:01,18,57,1.09,65
2026-03-07 17:56:01,17,56,1.38,65
2026-03-07 17:57:02,20,55,1.70,65
2026-03-07 17:58:01,10,55,1.43,65
2026-03-07 17:59:01,11,56,1.69,65
2026-03-07 18:00:01,10,55,1.50,65
2026-03-07 18:01:01,11,55,1.56,65
2026-03-07 18:02:01,11,55,1.54,65
2026-03-07 18:03:01,11,55,1.52,65
2026-03-07 18:04:01,10,55,1.52,65
2026-03-07 18:05:01,14,56,1.57,65
2026-03-07 18:06:01,29,57,2.19,65
2026-03-07 18:07:01,13,58,2.28,65
2026-03-07 18:08:01,22,59,2.92,65
2026-03-07 18:09:02,26,58,2.47,65
2026-03-07 18:10:01,2,57,1.27,65
2026-03-07 18:11:01,3,57,0.61,65
2026-03-07 18:12:01,1,57,0.22,65
2026-03-07 18:13:01,15,60,0.83,65
2026-03-07 18:14:01,15,60,1.27,65
2026-03-07 18:15:01,9,61,2.37,66
2026-03-07 18:16:01,10,61,1.95,66
2026-03-07 18:17:01,10,61,1.67,66
2026-03-07 18:18:01,10,61,1.94,66
2026-03-07 18:19:01,9,61,1.66,66
2026-03-07 18:20:01,10,61,1.84,66
2026-03-07 18:21:01,11,61,1.86,66
2026-03-07 18:22:02,9,60,1.99,66
2026-03-07 18:23:01,11,61,1.77,66
2026-03-07 18:24:01,10,61,1.77,66
2026-03-07 18:25:01,11,61,1.99,66
2026-03-07 18:26:01,10,61,1.64,66
2026-03-07 18:27:01,10,61,1.70,66
2026-03-07 18:28:01,11,61,1.58,66
2026-03-07 18:29:01,10,61,1.56,66
2026-03-07 18:30:01,10,61,1.72,66
2026-03-07 18:31:01,10,61,1.61,66
2026-03-07 18:32:01,10,61,1.67,66
2026-03-07 18:33:02,11,61,1.37,66
2026-03-07 18:34:01,10,61,1.33,66
2026-03-07 18:35:01,12,61,1.54,66
2026-03-07 18:36:01,9,61,1.52,66
2026-03-07 18:37:01,11,62,1.77,66
2026-03-07 18:38:01,10,62,1.48,66
2026-03-07 18:39:01,11,62,1.96,66
2026-03-07 18:40:01,11,62,1.46,66
2026-03-07 18:41:01,10,62,1.26,66
2026-03-07 18:42:01,11,62,1.36,66
2026-03-07 18:43:01,11,61,1.46,66
2026-03-07 18:44:01,11,61,1.54,66
2026-03-07 18:45:01,13,61,1.47,66
2026-03-07 18:46:02,11,61,1.56,66
2026-03-07 18:47:01,10,61,1.51,66
2026-03-07 18:48:01,11,61,2.01,66
2026-03-07 18:49:01,10,61,1.87,66
2026-03-07 18:50:01,11,61,1.56,66
2026-03-07 18:51:01,12,62,2.06,66
2026-03-07 18:52:01,11,62,1.43,66
2026-03-07 18:53:01,22,63,1.55,66
2026-03-07 18:54:01,30,64,2.19,66
2026-03-07 18:55:01,31,64,1.91,66
2026-03-07 18:56:01,28,64,2.60,66
2026-03-07 18:57:01,13,62,2.07,66
2026-03-07 18:58:01,10,62,1.88,66
2026-03-07 18:59:01,11,62,1.40,66
2026-03-07 19:00:02,10,62,1.79,66
2026-03-07 19:01:01,10,63,1.45,66
2026-03-07 19:02:01,1,62,0.74,66
2026-03-07 19:03:01,1,62,0.33,66
2026-03-07 19:04:01,0,63,0.22,66
2026-03-07 19:05:01,1,63,0.12,66
2026-03-07 19:06:01,2,63,0.08,66
2026-03-07 19:07:01,1,63,0.26,66
2026-03-07 19:08:01,1,63,0.26,66
2026-03-07 19:09:01,1,63,0.18,66
2026-03-07 19:10:01,2,63,0.15,66
2026-03-07 19:11:01,1,63,0.17,66
2026-03-07 19:12:01,1,63,0.75,66
2026-03-07 19:13:01,1,63,0.46,66
2026-03-07 19:14:01,2,63,0.51,66
2026-03-07 19:15:01,2,63,0.23,66
2026-03-07 19:16:01,2,62,0.28,66
2026-03-07 19:17:01,1,62,0.53,66
2026-03-07 19:18:01,1,62,0.31,66
2026-03-07 19:19:02,2,62,0.11,66
2026-03-07 19:20:01,2,62,0.04,66
2026-03-07 19:21:01,1,62,0.30,66
2026-03-07 19:22:01,1,62,0.14,66
2026-03-07 19:23:01,3,62,0.31,66
2026-03-07 19:24:01,1,62,0.11,66
2026-03-07 19:25:01,1,62,0.04,66
2026-03-07 19:26:01,1,62,0.01,66
2026-03-07 19:27:01,1,62,0.06,66
2026-03-07 19:28:01,1,62,0.07,66
2026-03-07 19:29:01,3,63,0.14,66
2026-03-07 19:30:01,1,63,0.05,66
2026-03-07 19:31:01,1,63,0.57,66
2026-03-07 19:32:01,3,62,0.59,66
2026-03-07 19:33:01,3,62,0.29,66
2026-03-07 19:34:01,4,62,0.10,66
2026-03-07 19:35:01,4,62,0.27,66
2026-03-07 19:36:01,1,62,0.32,66
2026-03-07 19:37:02,2,62,0.26,66
2026-03-07 19:38:01,2,62,0.24,66
2026-03-07 19:39:01,2,62,0.20,66
2026-03-07 19:40:01,2,62,0.15,66
2026-03-07 19:41:01,2,63,0.09,66
2026-03-07 19:42:01,1,63,0.11,66
2026-03-07 19:43:01,1,63,0.04,66
2026-03-07 19:44:01,3,63,0.08,66
2026-03-07 19:45:01,2,63,0.03,66
2026-03-07 19:46:01,2,63,0.01,66
2026-03-07 19:47:01,1,63,0.04,66
2026-03-07 19:48:01,1,63,0.01,66
2026-03-07 19:49:01,1,63,0.00,66
2026-03-07 19:50:01,2,63,0.06,66
2026-03-07 19:51:01,2,63,0.90,66
2026-03-07 19:52:01,10,64,1.30,65
2026-03-07 19:53:01,4,64,1.24,65
2026-03-07 19:54:01,20,65,1.43,65
2026-03-07 19:55:02,23,66,1.65,65
2026-03-07 19:56:01,8,67,1.43,65
2026-03-07 19:57:01,13,67,1.55,65
2026-03-07 19:58:01,14,67,1.15,65
2026-03-07 19:59:01,7,67,0.90,65
2026-03-07 20:00:01,3,67,1.26,65
2026-03-07 20:01:01,5,67,1.10,65
2026-03-07 20:02:01,2,67,0.78,65
2026-03-07 20:03:01,13,67,1.01,65
2026-03-07 20:04:01,8,67,1.20,65
2026-03-07 20:05:01,1,67,0.74,65
2026-03-07 20:06:01,1,67,0.75,65
2026-03-07 20:07:01,1,67,0.89,65
2026-03-07 20:08:01,12,67,0.92,65
2026-03-07 20:09:01,7,67,1.43,65
2026-03-07 20:10:01,1,68,0.63,65
2026-03-07 20:11:02,8,66,1.34,65
2026-03-07 20:12:01,3,67,0.89,65
2026-03-07 20:13:01,12,67,0.67,65
2026-03-07 20:14:01,18,68,1.47,65
2026-03-07 20:15:01,9,68,1.49,65
2026-03-07 20:16:01,8,68,1.25,65
2026-03-07 20:17:01,9,68,1.16,65
2026-03-07 20:18:01,1,68,0.89,65
2026-03-07 20:19:01,1,68,0.42,65
2026-03-07 20:20:01,1,68,0.72,65
2026-03-07 20:21:01,4,68,1.13,65
2026-03-07 20:22:01,3,69,1.25,65
2026-03-07 20:23:01,17,69,1.18,65
2026-03-07 20:24:01,12,69,1.30,65
2026-03-07 20:25:01,21,68,1.36,65
2026-03-07 20:26:02,8,69,1.76,65
2026-03-07 20:27:01,5,69,2.20,65
2026-03-07 20:28:01,16,69,1.93,65
2026-03-07 20:29:01,1,69,1.34,65
2026-03-07 20:30:01,3,68,0.55,65
2026-03-07 20:31:01,3,68,0.40,65
2026-03-07 20:32:01,1,68,0.28,65
2026-03-07 20:33:01,1,68,0.47,65
2026-03-07 20:34:01,1,68,0.56,65
2026-03-07 20:35:01,1,68,0.65,65
2026-03-07 20:36:01,1,68,0.44,65
2026-03-07 20:37:01,1,68,0.79,65
2026-03-07 20:38:01,1,68,0.67,65
2026-03-07 20:39:01,1,68,0.33,65
2026-03-07 20:40:01,1,68,0.15,65
2026-03-07 20:41:01,1,68,0.17,65
2026-03-07 20:42:01,3,68,0.44,65
2026-03-07 20:43:01,1,68,0.16,65
2026-03-07 20:44:01,6,67,0.18,65
2026-03-07 20:45:02,1,66,0.29,65
2026-03-07 20:46:01,1,66,0.29,65
2026-03-07 20:47:01,2,66,0.27,65
2026-03-07 20:48:01,1,66,0.27,65
2026-03-07 20:49:01,1,67,0.29,65
2026-03-07 20:50:01,1,67,0.23,65
2026-03-07 20:51:01,1,67,0.24,65
2026-03-07 20:52:01,2,67,0.14,65
2026-03-07 20:53:01,1,67,0.09,65
2026-03-07 20:54:01,1,67,0.13,65
2026-03-07 20:55:01,2,67,0.13,65
2026-03-07 20:56:01,2,67,0.10,65
2026-03-07 20:57:01,3,67,0.13,65
2026-03-07 20:58:01,1,66,0.22,65
2026-03-07 20:59:01,2,66,0.20,65
2026-03-07 21:00:01,3,67,0.14,65
2026-03-07 21:01:01,3,66,0.20,65
2026-03-07 21:02:01,2,67,0.23,65
2026-03-07 21:03:02,2,66,0.42,65
2026-03-07 21:04:01,2,66,0.28,65
2026-03-07 21:05:01,1,66,0.10,65
2026-03-07 21:06:01,2,66,0.03,65
2026-03-07 21:07:01,1,66,0.11,65
2026-03-07 21:08:01,4,67,0.09,65
2026-03-07 21:09:01,3,67,0.03,65
2026-03-07 21:10:01,4,67,0.12,65
2026-03-07 21:11:01,4,67,0.15,65
2026-03-07 21:12:01,5,67,0.05,65
2026-03-07 21:13:01,5,67,0.53,65
2026-03-07 21:14:01,5,67,0.75,65
2026-03-07 21:15:01,8,67,0.32,65
2026-03-07 21:16:01,4,67,0.12,65
2026-03-07 21:17:01,5,67,0.12,65
2026-03-07 21:18:01,5,67,0.04,65
2026-03-07 21:19:01,4,67,0.05,65
2026-03-07 21:20:02,4,67,0.06,65
2026-03-07 21:21:01,2,67,0.16,65
2026-03-07 21:22:01,1,67,0.06,65
2026-03-07 21:23:01,2,67,0.20,65
2026-03-07 21:24:01,1,67,0.16,65
2026-03-07 21:25:01,2,67,0.12,65
2026-03-07 21:26:01,2,68,0.04,65
2026-03-07 21:27:01,2,68,0.01,65
2026-03-07 21:28:01,2,68,0.05,65
2026-03-07 21:29:01,2,68,0.02,65
2026-03-07 21:30:01,4,68,0.17,65
2026-03-07 21:31:01,2,68,0.22,65
2026-03-07 21:32:01,3,69,0.47,65
2026-03-07 21:33:01,2,69,0.78,65
2026-03-07 21:34:02,3,69,0.53,65
2026-03-07 21:35:01,1,69,0.27,65
2026-03-07 21:36:01,1,69,0.16,65
2026-03-07 21:37:01,1,69,0.06,65
2026-03-07 21:38:01,15,69,1.16,65
2026-03-07 21:39:01,12,70,1.96,65
2026-03-07 21:40:01,17,70,2.30,65
2026-03-07 21:41:01,16,70,2.01,65
2026-03-07 21:42:01,14,71,1.85,65
2026-03-07 21:43:01,17,72,2.41,65
2026-03-07 21:44:01,11,71,2.16,65
2026-03-07 21:45:01,14,72,2.26,65
2026-03-07 21:46:01,20,72,3.08,65
2026-03-07 21:47:01,23,72,2.15,65
2026-03-07 21:48:02,20,72,2.35,65
2026-03-07 21:49:01,29,70,2.63,64
2026-03-07 21:50:01,8,69,1.93,64
2026-03-07 21:51:01,9,69,1.60,64
2026-03-07 21:52:01,11,69,1.66,64
2026-03-07 21:53:01,9,69,1.38,64
2026-03-07 21:54:01,9,69,1.49,64
2026-03-07 21:55:01,8,69,1.49,64
2026-03-07 21:56:01,7,69,1.61,64
2026-03-07 21:57:01,7,69,1.58,64
2026-03-07 21:58:01,9,69,1.47,64
2026-03-07 21:59:01,8,70,1.71,64
2026-03-07 22:00:01,2,70,0.88,64
2026-03-07 22:01:02,2,70,0.62,64
2026-03-07 22:02:01,3,70,0.38,64
2026-03-07 22:03:01,1,70,0.17,64
2026-03-07 22:04:01,3,70,0.30,64
2026-03-07 22:05:01,2,70,0.29,64
2026-03-07 22:06:01,1,70,0.29,64
2026-03-07 22:07:01,3,70,0.24,64
2026-03-07 22:08:01,2,70,0.90,64
2026-03-07 22:09:01,2,71,0.47,64
2026-03-07 22:10:01,2,69,0.33,64
2026-03-07 22:11:01,2,67,0.36,64
2026-03-07 22:12:01,5,67,0.26,64
2026-03-07 22:13:01,2,67,0.16,64
2026-03-07 22:14:01,1,67,0.34,64
2026-03-07 22:15:01,2,67,0.12,64
2026-03-07 22:16:01,1,67,0.16,64
2026-03-07 22:17:02,4,67,0.15,64
2026-03-07 22:18:01,1,67,0.16,64
2026-03-07 22:19:01,2,68,0.06,64
2026-03-07 22:20:01,2,67,0.13,64
2026-03-07 22:21:01,2,67,0.39,64
2026-03-07 22:22:01,2,67,0.18,64
2026-03-07 22:23:01,1,67,0.17,64
2026-03-07 22:24:01,2,68,0.13,64
2026-03-07 22:25:01,8,68,0.21,64
2026-03-07 22:26:01,1,68,0.13,64
2026-03-07 22:27:01,2,68,0.40,64
2026-03-07 22:28:01,2,68,0.53,64
2026-03-07 22:29:01,1,68,0.38,64
2026-03-07 22:30:01,2,68,0.34,64
2026-03-07 22:31:01,1,68,0.23,64
2026-03-07 22:32:01,2,68,0.16,64
2026-03-07 22:33:01,2,68,0.30,64
2026-03-07 22:34:02,1,68,0.15,64
2026-03-07 22:35:01,3,68,0.06,64
2026-03-07 22:36:01,2,68,0.02,64
2026-03-07 22:37:01,1,68,0.00,64
2026-03-07 22:38:01,2,68,0.00,64
2026-03-07 22:39:01,21,69,1.55,64
2026-03-07 22:40:01,17,69,2.07,64
2026-03-07 22:41:01,14,70,1.86,64
2026-03-07 22:42:01,14,70,2.04,64
2026-03-07 22:43:01,0,69,1.74,64
2026-03-07 22:44:01,1,69,0.71,64
2026-03-07 22:45:01,2,69,0.37,64
2026-03-07 22:46:01,2,69,0.29,64
2026-03-07 22:47:01,1,68,0.22,64
2026-03-07 22:48:01,1,68,0.24,64
2026-03-07 22:49:01,1,68,0.35,64
2026-03-07 22:50:02,3,68,0.23,64
2026-03-07 22:51:01,0,68,0.26,64
2026-03-07 22:52:01,2,68,0.43,64
2026-03-07 22:53:01,1,69,0.20,64
2026-03-07 22:54:01,59,70,0.31,64
2026-03-07 22:55:01,22,70,2.06,64
2026-03-07 22:56:01,37,71,3.57,64
2026-03-07 22:57:01,37,71,3.56,64
2026-03-07 22:58:01,31,71,2.84,64
2026-03-07 22:59:01,41,71,3.74,64
2026-03-07 23:00:01,38,71,3.38,64
2026-03-07 23:01:01,32,71,3.55,64
2026-03-07 23:02:01,48,71,3.80,64
2026-03-07 23:03:01,9,71,2.55,64
2026-03-07 23:04:01,23,72,2.19,64
2026-03-07 23:05:01,12,71,3.23,64
2026-03-07 23:06:01,14,72,3.56,64
2026-03-07 23:07:01,22,71,3.16,64
2026-03-07 23:08:02,16,71,2.43,64
2026-03-07 23:09:01,79,73,2.72,64
2026-03-07 23:10:01,17,71,2.58,64
2026-03-07 23:11:01,17,72,2.15,64
2026-03-07 23:12:01,24,74,2.21,64
2026-03-07 23:13:01,23,75,2.37,64
2026-03-07 23:14:01,18,74,2.76,64
2026-03-07 23:15:01,16,73,3.14,64
2026-03-07 23:16:01,21,73,2.02,64
2026-03-07 23:17:01,15,74,1.91,64
2026-03-07 23:18:02,17,74,1.76,64
2026-03-07 23:19:01,4,74,1.41,64
2026-03-07 23:20:01,3,74,1.24,64
2026-03-07 23:21:01,3,74,1.09,64
2026-03-07 23:22:01,5,74,1.14,64
2026-03-07 23:23:01,3,74,1.35,64
2026-03-07 23:24:01,16,74,1.81,64
2026-03-07 23:25:01,21,74,1.94,64
2026-03-07 23:26:01,17,75,1.57,64
2026-03-07 23:27:01,15,75,2.05,64
2026-03-07 23:28:01,16,75,2.25,64
2026-03-07 23:29:01,16,75,1.68,64
2026-03-07 23:30:01,24,76,2.60,64
2026-03-07 23:31:02,32,75,2.59,64
2026-03-07 23:32:01,19,75,2.68,64
2026-03-07 23:33:01,21,75,2.66,64
2026-03-07 23:34:01,17,76,2.50,64
2026-03-07 23:35:01,14,76,2.63,64
2026-03-07 23:36:01,16,76,2.77,64
2026-03-07 23:37:01,66,76,3.11,64
2026-03-07 23:38:01,11,76,2.29,64
2026-03-07 23:39:01,10,76,2.06,64
2026-03-07 23:40:01,21,76,1.83,64
2026-03-07 23:41:02,42,75,3.20,64
2026-03-07 23:42:01,10,76,2.64,64
2026-03-07 23:43:01,11,76,2.07,64
2026-03-07 23:44:01,11,76,1.64,64
2026-03-07 23:45:01,36,76,2.19,64
2026-03-07 23:46:01,49,77,3.14,64
2026-03-07 23:47:01,25,76,3.04,64
2026-03-07 23:48:01,16,76,2.63,64
2026-03-07 23:49:01,15,75,2.46,64
2026-03-07 23:50:01,15,76,2.56,64
2026-03-07 23:51:01,16,76,2.48,64
2026-03-07 23:52:02,19,76,1.93,64
2026-03-07 23:53:01,65,77,2.34,64
2026-03-07 23:54:01,16,78,2.46,64
2026-03-07 23:55:01,24,78,2.52,64
2026-03-07 23:56:01,14,79,3.41,64
2026-03-07 23:57:01,29,79,3.24,64
2026-03-07 23:58:01,21,77,3.61,64
2026-03-07 23:59:01,23,78,3.20,64
2026-03-08 00:00:01,23,78,3.37,64
2026-03-08 00:01:01,18,75,4.54,64
2026-03-08 00:02:01,38,76,2.77,64
2026-03-08 00:03:02,13,75,2.54,64
2026-03-08 00:04:01,31,73,2.64,64
2026-03-08 00:05:01,10,71,2.07,64
2026-03-08 00:06:01,9,71,1.99,64
2026-03-08 00:07:01,10,71,1.56,64
2026-03-08 00:08:01,52,72,2.62,64
2026-03-08 00:09:01,31,72,2.93,64
2026-03-08 00:10:01,30,72,3.54,64
2026-03-08 00:11:01,38,72,3.68,64
2026-03-08 00:12:01,34,72,3.35,64
2026-03-08 00:13:01,33,72,3.29,64
2026-03-08 00:14:01,31,73,2.56,64
2026-03-08 00:15:01,40,73,2.87,64
2026-03-08 00:16:01,33,73,3.11,64
2026-03-08 00:17:01,29,73,4.27,64
2026-03-08 00:18:02,29,73,3.61,64
2026-03-08 00:19:01,30,73,3.08,64
2026-03-08 00:20:01,33,73,3.41,64
2026-03-08 00:21:01,51,74,3.36,64
2026-03-08 00:22:01,35,73,3.54,64
2026-03-08 00:23:01,31,69,3.60,64
2026-03-08 00:24:02,51,69,3.31,64
2026-03-08 00:25:01,35,69,4.59,64
2026-03-08 00:26:01,30,69,3.90,64
2026-03-08 00:27:01,30,70,3.66,64
2026-03-08 00:28:01,31,70,4.13,64
2026-03-08 00:29:01,29,70,3.79,64
2026-03-08 00:30:01,33,70,4.24,64
2026-03-08 00:31:02,28,70,2.87,64
2026-03-08 00:32:01,35,71,3.11,64
2026-03-08 00:33:01,37,71,4.15,64
2026-03-08 00:34:01,38,71,3.77,64
2026-03-08 00:35:01,39,71,2.74,64
2026-03-08 00:36:01,33,71,2.84,64
2026-03-08 00:37:01,25,71,3.82,64
2026-03-08 00:38:02,22,71,2.56,64
2026-03-08 00:39:01,22,71,2.26,64
2026-03-08 00:40:01,33,71,2.50,64
2026-03-08 00:41:01,25,72,2.42,64
2026-03-08 00:42:01,34,72,3.30,64
2026-03-08 00:43:01,21,72,3.10,64
2026-03-08 00:44:01,23,72,2.41,64
2026-03-08 00:45:01,20,72,2.45,64
2026-03-08 00:46:01,20,72,2.99,64
2026-03-08 00:47:01,20,72,2.76,64
2026-03-08 00:48:01,20,71,2.25,64
2026-03-08 00:49:01,21,71,3.02,64
2026-03-08 00:50:01,20,71,2.41,64
2026-03-08 00:51:02,26,71,2.88,64
2026-03-08 00:52:01,21,71,2.13,64
2026-03-08 00:53:01,19,71,3.18,64
2026-03-08 00:54:01,26,71,4.59,64
2026-03-08 00:55:01,25,71,3.21,64
2026-03-08 00:56:01,20,72,2.77,64
2026-03-08 00:57:01,20,71,2.71,64
2026-03-08 00:58:01,22,71,2.52,64
2026-03-08 00:59:01,20,72,2.62,64
2026-03-08 01:00:01,22,72,1.96,64
2026-03-08 01:01:01,25,72,2.17,64
2026-03-08 01:02:01,23,72,2.30,64
2026-03-08 01:03:02,24,72,2.82,64
2026-03-08 01:04:01,14,74,2.01,64
2026-03-08 01:05:01,19,74,2.09,64
2026-03-08 01:06:01,23,74,2.36,64
2026-03-08 01:07:01,17,74,3.70,64
2026-03-08 01:08:01,21,72,4.34,64
2026-03-08 01:09:01,54,74,3.07,64
2026-03-08 01:10:01,21,73,3.00,65
2026-03-08 01:11:01,24,72,2.66,65
2026-03-08 01:12:01,26,74,2.34,65
2026-03-08 01:13:01,72,74,2.69,66
2026-03-08 01:14:01,40,74,4.13,66
2026-03-08 01:15:01,37,74,3.22,66
2026-03-08 01:16:01,44,74,3.08,66
2026-03-08 01:17:01,35,75,3.24,67
2026-03-08 01:18:01,17,77,3.85,67
2026-03-08 01:19:01,35,76,3.91,67
2026-03-08 01:20:01,77,75,4.26,68
2026-03-08 01:21:01,41,72,6.35,69
2026-03-08 01:22:01,17,70,4.61,69
2026-03-08 01:23:01,33,72,3.52,69
2026-03-08 01:24:01,19,70,3.70,69
2026-03-08 01:25:01,19,70,3.02,69
2026-03-08 01:26:01,14,70,2.41,69
2026-03-08 01:27:01,21,70,2.09,69
2026-03-08 01:28:02,24,70,1.68,69
2026-03-08 01:29:01,23,70,2.17,69
2026-03-08 01:30:01,16,70,1.89,69
2026-03-08 01:31:01,16,70,1.94,69
2026-03-08 01:32:01,20,72,2.37,69
2026-03-08 01:33:01,21,72,2.46,69
2026-03-08 01:34:01,17,73,2.41,69
2026-03-08 01:35:01,15,73,2.41,69
2026-03-08 01:36:01,16,73,2.09,69
2026-03-08 01:37:01,24,72,2.42,69
2026-03-08 01:38:01,28,70,2.89,69
2026-03-08 01:39:01,17,70,2.18,69
2026-03-08 01:40:01,18,70,2.59,69
2026-03-08 01:41:02,22,71,2.63,69
2026-03-08 01:42:01,21,71,2.44,69
2026-03-08 01:43:01,40,72,2.27,69
2026-03-08 01:44:01,20,72,2.36,69
2026-03-08 01:45:01,16,71,2.57,69
2026-03-08 01:46:01,16,71,2.02,69
2026-03-08 01:47:01,16,71,2.55,69
2026-03-08 01:48:01,16,72,2.33,69
2026-03-08 01:49:01,13,71,2.10,70
2026-03-08 01:50:01,12,72,2.05,70
2026-03-08 01:51:01,13,71,1.45,70
2026-03-08 01:52:01,14,71,1.69,70
2026-03-08 01:53:02,13,71,1.49,70
2026-03-08 01:54:01,14,71,1.25,70
2026-03-08 01:55:01,13,71,1.94,70
2026-03-08 01:56:01,12,71,2.00,70
2026-03-08 01:57:01,12,71,1.83,70
2026-03-08 01:58:01,7,71,1.76,70
2026-03-08 01:59:01,8,71,0.92,70
2026-03-08 02:00:01,7,71,0.58,70
2026-03-08 02:01:01,8,71,0.54,70
2026-03-08 02:02:01,8,71,0.46,70
2026-03-08 02:03:01,7,71,0.29,70
2026-03-08 02:04:02,8,71,0.60,70
2026-03-08 02:05:01,7,72,0.29,70
2026-03-08 02:06:01,7,72,0.49,70
2026-03-08 02:07:01,7,71,0.71,70
2026-03-08 02:08:01,6,72,0.51,70
2026-03-08 02:09:01,8,72,0.42,70
2026-03-08 02:10:01,7,72,0.61,70
2026-03-08 02:11:01,19,72,1.25,70
2026-03-08 02:12:01,18,72,2.05,70
2026-03-08 02:13:01,22,73,2.92,70
2026-03-08 02:14:01,17,73,2.60,70
2026-03-08 02:15:01,24,73,2.36,70
2026-03-08 02:16:02,22,73,2.50,70
2026-03-08 02:17:01,20,73,2.62,70
2026-03-08 02:18:01,21,73,3.00,70
2026-03-08 02:19:01,13,73,2.06,70
2026-03-08 02:20:01,12,73,1.75,70
2026-03-08 02:21:01,11,73,1.55,70
2026-03-08 02:22:01,13,73,1.96,70
2026-03-08 02:23:01,12,73,1.67,70
2026-03-08 02:24:01,13,73,2.04,70
2026-03-08 02:25:01,13,72,2.23,70
2026-03-08 02:26:01,20,72,1.93,70
2026-03-08 02:27:01,19,75,2.62,70
2026-03-08 02:28:01,16,76,2.90,70
2026-03-08 02:29:02,13,77,2.56,70
2026-03-08 02:30:01,16,77,2.39,70
2026-03-08 02:36:07,14,77,2.41,70
